[?2004h[01;32mubuntu@vt-huberval-2[00m:[01;34m~/klee-coreutils-experiments[00m$ python3 run-suite.py --max-threads 50 --env KLEE_MAX_TIME_MIN [42P(arg: 1) [C[C[C[C[C[C[C[C[C[C[C[C[C[C[C[C[C[C[C[C[C[C[C[C[C[C[C[C[C[C[C[C[C[C[C[C[C[C[C[C[C[C[C[C[C[C[C[C[C[C[C[C[C[C[C[C[C[C[C[C[C[C[C[C[C[C[C[C3[C[C[C[C[C[C[C[C[C[C[C[C[C[C[C[C[C[C[C[C[C[C[C[C[C[C[C[C[C[C[C[C[C[C[C[C[C[C[C[C[C[C[C[C[C[C[C[C[C[C[C[C[C[C[C[C[C[C[C[C[C[C[C[C[C[C[C[C[C[C[C[1@6[C[C[C[C[C[C[C[C[C[C[C[C[C[C[C[C[C[C[C[C[C[C[C[C[C[C[C[C[C[C[C[C[C[C[C[C[C[C[C[C[C[C[C[C[C[C[C[C[C[C[C[C[C[C[C[C[C[C[C[C[C[C[C[C[C[C[C[C[C[C[C[C[1@0[C[C[C[C[C[C[C[C[C[C[C[C[C[C[C[C[C[C[C[C[C[C[C[C[C[C[C[C[C[C[C[C[C[C[C[C[C[C[C[C[C[C[C[C[C[C[C[C[C[C[C[C[C[C[C[C[C[C[C[C[C[C[C[C[01;32mubuntu@vt-huberval-2[00m:[01;34m~/klee-coreutils-experiments[00m$ python3 run-suite.py --max-threads 50 --env KLEE_MAX_TIME_MIN [40P(arg: 360) [C[C[C[C[C[C[C[C[C[C[C[C[C[C[C[C[C[C[C[C[C[C[C[C[C[C[C[C[C[C[C[C[C[C[C[C[C[C[C[C[C[C[C[C[C[C[C[C[C[C[C[C[C[C[C[C[C[C[C[C[C[C[C[C[C[C[C[C[C[C[C[1@3[C[C[C[C[C[C[C[C[C[C[C[C[C[C[C[C[C[C[C[C[C[C[C[C[C[C[C[C[C[C[C[C[C[C[C[C[C[C[C[C[C[C[C[C[C[C[C[C[C[C[C[C[C[C[C[C[C[C[C[C[C[C[C[C[C[C[C[C[C[C[C[C[C[C[1@6[C[C[C[C[C[C[C[C[C[C[C[C[C[C[C[C[C[C[C[C[C[C[C[C[C[C[C[C[C[C[C[C[C[C[C[C[C[C[C[C[C[C[C[C[C[C[C[C[C[C[C[C[C[C[C[C[C[C[C[C[C[C[C[C[C[C[C[C[C[C[C[C[C[C[C[1@0[C[C[C[C[C[C[C[C[C[C[C[C[C[C[C[C[C[C[C[C[C[C[C[C[C[C[C[C[C[C[C[C[C[C[C[C[C[C[C[C[C[C[C[C[C[C[C[C[C[C[C[C[C[C[C[C[C[C[C[C[C[C[C[C[01;32mubuntu@vt-huberval-2[00m:[01;34m~/klee-coreutils-experiments[00m$ python3 run-suite.py --max-threads 50 --env KLEE_MAX_TIME_MIN   [K[K360 out/coreutils-6.10-6h
[?2004l2024-01-09T19:56:53.921085 Analyzing with the following args: Namespace(output_dir='out/coreutils-6.10-6h', max_threads=50, image_name='klee-coreutils', util=None, env=[['KLEE_MAX_TIME_MIN', '360']], force=False)
2024-01-09T19:56:53.921164 Building docker image
2024-01-09T19:56:57.486912 starting run for util "base64". State: (88, 0, 0)
2024-01-09T19:56:57.488645 starting run for util "basename". State: (88, 0, 0)
2024-01-09T19:56:57.490624 starting run for util "cat". State: (88, 0, 0)
2024-01-09T19:56:57.493349 starting run for util "chcon". State: (88, 0, 0)
2024-01-09T19:56:57.495542 starting run for util "chgrp". State: (88, 0, 0)
2024-01-09T19:56:57.497803 starting run for util "chmod". State: (88, 0, 0)
2024-01-09T19:56:57.499776 starting run for util "cksum". State: (88, 0, 0)
2024-01-09T19:56:57.501873 starting run for util "chown". State: (88, 0, 0)
2024-01-09T19:56:57.502463 starting run for util "chroot". State: (88, 0, 0)
2024-01-09T19:56:57.506270 starting run for util "comm". State: (88, 0, 0)
2024-01-09T19:56:57.507501 starting run for util "cp". State: (88, 0, 0)
2024-01-09T19:56:57.510338 starting run for util "csplit". State: (88, 0, 0)
2024-01-09T19:56:57.512369 starting run for util "cut". State: (88, 0, 0)
2024-01-09T19:56:57.515300 starting run for util "date". State: (88, 0, 0)
2024-01-09T19:56:57.517709 starting run for util "df". State: (88, 0, 0)
2024-01-09T19:56:57.519269 starting run for util "dircolors". State: (88, 0, 0)
2024-01-09T19:56:57.520008 starting run for util "dirname". State: (88, 0, 0)
2024-01-09T19:56:57.521400 starting run for util "dd". State: (88, 0, 0)
2024-01-09T19:56:57.526135 starting run for util "echo". State: (88, 0, 0)
2024-01-09T19:56:57.527359 starting run for util "du". State: (88, 0, 0)
2024-01-09T19:56:57.529598 starting run for util "env". State: (88, 0, 0)
2024-01-09T19:56:57.531676 starting run for util "expand". State: (88, 0, 0)
2024-01-09T19:56:57.534459 starting run for util "expr". State: (88, 0, 0)
2024-01-09T19:56:57.536881 starting run for util "factor". State: (88, 0, 0)
2024-01-09T19:56:57.542492 starting run for util "fmt". State: (88, 0, 0)
2024-01-09T19:56:57.546528 starting run for util "false". State: (88, 0, 0)
2024-01-09T19:56:57.550294 starting run for util "fold". State: (88, 0, 0)
2024-01-09T19:56:57.554508 starting run for util "head". State: (88, 0, 0)
2024-01-09T19:56:57.555909 starting run for util "hostname". State: (88, 0, 0)
2024-01-09T19:56:57.557610 starting run for util "hostid". State: (88, 0, 0)
2024-01-09T19:56:57.558991 starting run for util "ginstall". State: (88, 0, 0)
2024-01-09T19:56:57.560735 starting run for util "id". State: (88, 0, 0)
2024-01-09T19:56:57.562314 starting run for util "join". State: (88, 0, 0)
2024-01-09T19:56:57.566662 starting run for util "link". State: (88, 0, 0)
2024-01-09T19:56:57.568637 starting run for util "ln". State: (88, 0, 0)
2024-01-09T19:56:57.569901 starting run for util "kill". State: (88, 0, 0)
2024-01-09T19:56:57.572520 starting run for util "logname". State: (88, 0, 0)
2024-01-09T19:56:57.576122 starting run for util "md5sum". State: (88, 0, 0)
2024-01-09T19:56:57.578334 starting run for util "ls". State: (88, 0, 0)
2024-01-09T19:56:57.580699 starting run for util "mkdir". State: (88, 0, 0)
2024-01-09T19:56:57.585661 starting run for util "mktemp". State: (88, 0, 0)
2024-01-09T19:56:57.587513 starting run for util "nice". State: (88, 0, 0)
2024-01-09T19:56:57.588065 starting run for util "mkfifo". State: (88, 0, 0)
2024-01-09T19:56:57.592002 starting run for util "nl". State: (88, 0, 0)
2024-01-09T19:56:57.592266 starting run for util "mknod". State: (88, 0, 0)
2024-01-09T19:56:57.595979 starting run for util "nohup". State: (88, 0, 0)
2024-01-09T19:56:57.598539 starting run for util "mv". State: (88, 0, 0)
2024-01-09T19:56:57.605769 starting run for util "od". State: (88, 0, 0)
2024-01-09T19:56:57.608086 starting run for util "paste". State: (88, 0, 0)
2024-01-09T19:56:57.608225 starting run for util "pathchk". State: (88, 0, 0)
2024-01-09T19:57:21.706879 starting coverage gathering for util "false". State: (87, 1, 0)
2024-01-09T19:57:34.534218 done with util "false". State: (87, 0, 1)
2024-01-09T19:57:34.534735 starting run for util "pinky". State: (87, 0, 1)
2024-01-09T19:57:42.788929 starting coverage gathering for util "chroot". State: (86, 1, 1)
2024-01-09T19:57:46.599172 done with util "chroot". State: (86, 0, 2)
2024-01-09T19:57:46.599651 starting run for util "pr". State: (86, 0, 2)
2024-01-09T19:58:27.421743 starting coverage gathering for util "dirname". State: (85, 1, 2)
2024-01-09T19:58:39.712954 done with util "dirname". State: (85, 0, 3)
2024-01-09T19:58:39.713401 starting run for util "printenv". State: (85, 0, 3)
2024-01-09T19:59:46.316731 starting coverage gathering for util "cksum". State: (84, 1, 3)
2024-01-09T19:59:56.031819 done with util "cksum". State: (84, 0, 4)
2024-01-09T19:59:56.032256 starting run for util "printf". State: (84, 0, 4)
2024-01-09T20:01:29.951096 starting coverage gathering for util "printenv". State: (83, 1, 4)
2024-01-09T20:01:38.752918 done with util "printenv". State: (83, 0, 5)
2024-01-09T20:01:38.753357 starting run for util "ptx". State: (83, 0, 5)
2024-01-09T20:06:08.256875 starting coverage gathering for util "basename". State: (82, 1, 5)
2024-01-09T20:06:14.099535 done with util "basename". State: (82, 0, 6)
2024-01-09T20:06:14.099937 starting run for util "pwd". State: (82, 0, 6)
2024-01-09T20:06:24.326070 starting coverage gathering for util "pwd". State: (81, 1, 6)
2024-01-09T20:06:32.400332 done with util "pwd". State: (81, 0, 7)
2024-01-09T20:06:32.400802 starting run for util "readlink". State: (81, 0, 7)
2024-01-09T22:55:07.194157 starting coverage gathering for util "nohup". State: (80, 1, 7)
2024-01-09T22:55:11.776460 done with util "nohup". State: (80, 0, 8)
2024-01-09T22:55:11.776891 starting run for util "rm". State: (80, 0, 8)
2024-01-09T23:01:57.060013 starting coverage gathering for util "hostname". State: (79, 1, 8)
2024-01-09T23:02:05.682887 done with util "hostname". State: (79, 0, 9)
2024-01-09T23:02:05.683259 starting run for util "rmdir". State: (79, 0, 9)
2024-01-09T23:15:04.027305 starting coverage gathering for util "logname". State: (78, 1, 9)
2024-01-09T23:15:15.509341 done with util "logname". State: (78, 0, 10)
2024-01-09T23:15:15.509890 starting run for util "runcon". State: (78, 0, 10)
2024-01-09T23:16:01.976451 starting coverage gathering for util "runcon". State: (77, 1, 10)
2024-01-09T23:16:08.511328 done with util "runcon". State: (77, 0, 11)
2024-01-09T23:16:08.511750 starting run for util "seq". State: (77, 0, 11)
2024-01-09T23:29:50.677460 starting coverage gathering for util "hostid". State: (76, 1, 11)
2024-01-09T23:29:58.294079 done with util "hostid". State: (76, 0, 12)
2024-01-09T23:29:58.294434 starting run for util "setuidgid". State: (76, 0, 12)
2024-01-10T00:02:17.836589 starting coverage gathering for util "mknod". State: (75, 1, 12)
2024-01-10T00:02:22.240683 done with util "mknod". State: (75, 0, 13)
2024-01-10T00:02:22.241092 starting run for util "shred". State: (75, 0, 13)
2024-01-10T00:32:56.537707 starting coverage gathering for util "csplit". State: (74, 1, 13)
2024-01-10T00:33:01.712268 done with util "csplit". State: (74, 0, 14)
2024-01-10T00:33:01.712679 starting run for util "shuf". State: (74, 0, 14)
2024-01-10T00:36:27.939517 starting coverage gathering for util "ginstall". State: (73, 1, 14)
2024-01-10T00:36:32.355584 done with util "ginstall". State: (73, 0, 15)
2024-01-10T00:36:32.356135 starting run for util "sleep". State: (73, 0, 15)
2024-01-10T00:36:55.020590 starting coverage gathering for util "chmod". State: (72, 1, 15)
2024-01-10T00:36:59.438939 done with util "chmod". State: (72, 0, 16)
2024-01-10T00:36:59.439252 starting run for util "sort". State: (72, 0, 16)
2024-01-10T01:09:02.727337 starting coverage gathering for util "env". State: (71, 1, 16)
2024-01-10T01:09:09.136789 done with util "env". State: (71, 0, 17)
2024-01-10T01:09:09.137151 starting run for util "split". State: (71, 0, 17)
2024-01-10T01:15:25.973256 starting coverage gathering for util "nice". State: (70, 1, 17)
2024-01-10T01:15:35.446144 done with util "nice". State: (70, 0, 18)
2024-01-10T01:15:35.446508 starting run for util "stat". State: (70, 0, 18)
2024-01-10T01:17:52.218461 starting coverage gathering for util "ls". State: (69, 1, 18)
2024-01-10T01:18:00.732455 done with util "ls". State: (69, 0, 19)
2024-01-10T01:18:00.732928 starting run for util "stty". State: (69, 0, 19)
2024-01-10T01:35:32.285572 starting coverage gathering for util "split". State: (68, 1, 19)
2024-01-10T01:35:47.143774 done with util "split". State: (68, 0, 20)
2024-01-10T01:35:47.144163 starting run for util "sum". State: (68, 0, 20)
2024-01-10T01:57:25.911687 starting coverage gathering for util "cut". State: (67, 1, 20)
2024-01-10T01:57:26.049219 starting coverage gathering for util "mkfifo". State: (66, 2, 20)
2024-01-10T01:57:26.073746 starting coverage gathering for util "kill". State: (65, 3, 20)
2024-01-10T01:57:26.074818 starting coverage gathering for util "mkdir". State: (64, 4, 20)
2024-01-10T01:57:32.719657 starting coverage gathering for util "echo". State: (63, 5, 20)
2024-01-10T01:57:40.210702 starting coverage gathering for util "dircolors". State: (62, 6, 20)
2024-01-10T01:57:43.780994 starting coverage gathering for util "factor". State: (61, 7, 20)
2024-01-10T01:57:44.969369 starting coverage gathering for util "expand". State: (60, 8, 20)
2024-01-10T01:57:44.973216 starting coverage gathering for util "df". State: (59, 9, 20)
2024-01-10T01:57:44.977726 starting coverage gathering for util "fmt". State: (58, 10, 20)
2024-01-10T01:57:44.982952 starting coverage gathering for util "base64". State: (57, 11, 20)
2024-01-10T01:57:44.999625 starting coverage gathering for util "head". State: (56, 12, 20)
2024-01-10T01:57:45.014453 starting coverage gathering for util "expr". State: (55, 13, 20)
2024-01-10T01:57:45.018224 starting coverage gathering for util "id". State: (54, 14, 20)
2024-01-10T01:57:45.026589 starting coverage gathering for util "link". State: (53, 15, 20)
2024-01-10T01:57:45.750393 starting coverage gathering for util "pathchk". State: (52, 16, 20)
2024-01-10T01:57:46.957100 starting coverage gathering for util "comm". State: (51, 17, 20)
2024-01-10T01:57:47.996658 starting coverage gathering for util "chown". State: (50, 18, 20)
2024-01-10T01:57:48.642791 starting coverage gathering for util "mktemp". State: (49, 19, 20)
2024-01-10T01:57:51.870962 starting coverage gathering for util "mv". State: (48, 20, 20)
2024-01-10T01:57:52.298552 starting coverage gathering for util "cp". State: (47, 21, 20)
2024-01-10T01:57:54.251118 starting coverage gathering for util "chcon". State: (46, 22, 20)
2024-01-10T01:57:54.766647 starting coverage gathering for util "ln". State: (45, 23, 20)
2024-01-10T01:57:54.782148 starting coverage gathering for util "pinky". State: (44, 24, 20)
2024-01-10T01:57:54.785153 starting coverage gathering for util "md5sum". State: (43, 25, 20)
2024-01-10T01:57:54.790147 starting coverage gathering for util "paste". State: (42, 26, 20)
2024-01-10T01:57:55.027183 starting coverage gathering for util "date". State: (41, 27, 20)
2024-01-10T01:57:55.764590 starting coverage gathering for util "nl". State: (40, 28, 20)
2024-01-10T01:57:56.324552 starting coverage gathering for util "chgrp". State: (39, 29, 20)
2024-01-10T01:57:56.536062 starting coverage gathering for util "fold". State: (38, 30, 20)
2024-01-10T01:57:58.172704 done with util "cut". State: (38, 29, 21)
2024-01-10T01:57:58.173262 starting run for util "sync". State: (38, 29, 21)
2024-01-10T01:58:01.972747 starting coverage gathering for util "od". State: (37, 30, 21)
2024-01-10T01:58:02.095650 done with util "mkfifo". State: (37, 29, 22)
2024-01-10T01:58:02.096294 starting run for util "tac". State: (37, 29, 22)
2024-01-10T01:58:02.283085 done with util "kill". State: (37, 28, 23)
2024-01-10T01:58:02.283552 starting run for util "tail". State: (37, 28, 23)
2024-01-10T01:58:03.076878 done with util "echo". State: (37, 27, 24)
2024-01-10T01:58:03.077397 starting run for util "tee". State: (37, 27, 24)
2024-01-10T01:58:03.831527 done with util "mkdir". State: (37, 26, 25)
2024-01-10T01:58:03.831860 starting run for util "touch". State: (37, 26, 25)
2024-01-10T01:58:04.024481 done with util "factor". State: (37, 25, 26)
2024-01-10T01:58:04.025051 starting run for util "tr". State: (37, 25, 26)
2024-01-10T01:58:04.189987 done with util "dircolors". State: (37, 24, 27)
2024-01-10T01:58:04.190535 starting run for util "tsort". State: (37, 24, 27)
2024-01-10T01:58:05.696361 done with util "df". State: (37, 23, 28)
2024-01-10T01:58:05.696870 starting run for util "tty". State: (37, 23, 28)
2024-01-10T01:58:06.457414 done with util "expand". State: (37, 22, 29)
2024-01-10T01:58:06.457960 starting run for util "uname". State: (37, 22, 29)
2024-01-10T01:58:06.971945 done with util "fmt". State: (37, 21, 30)
2024-01-10T01:58:06.972358 starting run for util "unexpand". State: (37, 21, 30)
2024-01-10T01:58:09.935408 done with util "base64". State: (37, 20, 31)
2024-01-10T01:58:09.935939 starting run for util "uniq". State: (37, 20, 31)
2024-01-10T01:58:23.930907 done with util "expr". State: (37, 19, 32)
2024-01-10T01:58:23.931426 starting run for util "unlink". State: (37, 19, 32)
2024-01-10T01:58:25.158246 done with util "id". State: (37, 18, 33)
2024-01-10T01:58:25.158655 starting run for util "uptime". State: (37, 18, 33)
2024-01-10T01:58:28.425903 done with util "head". State: (37, 17, 34)
2024-01-10T01:58:28.426420 starting run for util "users". State: (37, 17, 34)
2024-01-10T01:58:28.552340 done with util "comm". State: (37, 16, 35)
2024-01-10T01:58:28.552779 starting run for util "wc". State: (37, 16, 35)
2024-01-10T01:58:30.804549 done with util "mktemp". State: (37, 15, 36)
2024-01-10T01:58:30.804973 starting run for util "whoami". State: (37, 15, 36)
2024-01-10T01:58:33.101156 done with util "pathchk". State: (37, 14, 37)
2024-01-10T01:58:33.101578 starting run for util "who". State: (37, 14, 37)
2024-01-10T01:58:33.110084 done with util "link". State: (37, 13, 38)
2024-01-10T01:58:33.110595 starting run for util "yes". State: (37, 13, 38)
2024-01-10T01:58:33.111819 done with util "chown". State: (37, 12, 39)
2024-01-10T01:58:33.123596 done with util "cp". State: (37, 11, 40)
2024-01-10T01:58:33.490399 starting coverage gathering for util "cat". State: (36, 12, 40)
2024-01-10T01:58:33.687865 done with util "mv". State: (36, 11, 41)
2024-01-10T01:58:37.089915 done with util "chcon". State: (36, 10, 42)
2024-01-10T01:58:39.362432 done with util "ln". State: (36, 9, 43)
2024-01-10T01:58:40.282895 done with util "pinky". State: (36, 8, 44)
2024-01-10T01:58:40.489527 done with util "paste". State: (36, 7, 45)
2024-01-10T01:58:40.835459 done with util "date". State: (36, 6, 46)
2024-01-10T01:58:40.933808 done with util "md5sum". State: (36, 5, 47)
2024-01-10T01:58:41.082471 done with util "nl". State: (36, 4, 48)
2024-01-10T01:58:42.145613 done with util "fold". State: (36, 3, 49)
2024-01-10T01:58:44.170216 done with util "chgrp". State: (36, 2, 50)
2024-01-10T01:58:46.838825 starting coverage gathering for util "join". State: (35, 3, 50)
2024-01-10T01:58:47.739829 starting coverage gathering for util "pr". State: (34, 4, 50)
2024-01-10T01:58:48.313133 done with util "od". State: (34, 3, 51)
2024-01-10T01:58:48.576961 starting coverage gathering for util "sync". State: (33, 4, 51)
2024-01-10T01:58:51.052594 starting coverage gathering for util "dd". State: (32, 5, 51)
2024-01-10T01:58:56.994334 done with util "cat". State: (32, 4, 52)
2024-01-10T01:58:57.246295 done with util "join". State: (32, 3, 53)
2024-01-10T01:58:57.580298 done with util "pr". State: (32, 2, 54)
2024-01-10T01:58:58.089245 done with util "sync". State: (32, 1, 55)
2024-01-10T01:58:59.037202 done with util "dd". State: (32, 0, 56)
2024-01-10T01:59:35.796435 starting coverage gathering for util "du". State: (31, 1, 56)
2024-01-10T01:59:39.734503 done with util "du". State: (31, 0, 57)
2024-01-10T02:00:50.207164 starting coverage gathering for util "users". State: (30, 1, 57)
2024-01-10T02:00:53.211815 starting coverage gathering for util "printf". State: (29, 2, 57)
2024-01-10T02:00:57.699204 starting coverage gathering for util "uptime". State: (28, 3, 57)
2024-01-10T02:01:22.118556 done with util "users". State: (28, 2, 58)
2024-01-10T02:01:30.775940 done with util "printf". State: (28, 1, 59)
2024-01-10T02:01:31.158853 done with util "uptime". State: (28, 0, 60)
2024-01-10T02:02:26.128320 starting coverage gathering for util "ptx". State: (27, 1, 60)
2024-01-10T02:02:32.568031 done with util "ptx". State: (27, 0, 61)
2024-01-10T02:06:46.040978 starting coverage gathering for util "readlink". State: (26, 1, 61)
2024-01-10T02:06:53.920645 done with util "readlink". State: (26, 0, 62)
2024-01-10T02:44:46.647355 starting coverage gathering for util "tee". State: (25, 1, 62)
2024-01-10T02:44:54.316425 done with util "tee". State: (25, 0, 63)
2024-01-10T04:24:11.670595 starting coverage gathering for util "sum". State: (24, 1, 63)
2024-01-10T04:24:16.005529 done with util "sum". State: (24, 0, 64)
2024-01-10T04:50:57.070041 starting coverage gathering for util "setuidgid". State: (23, 1, 64)
2024-01-10T04:51:05.558836 done with util "setuidgid". State: (23, 0, 65)
2024-01-10T04:55:23.876564 starting coverage gathering for util "rm". State: (22, 1, 65)
2024-01-10T04:55:31.265435 done with util "rm". State: (22, 0, 66)
2024-01-10T05:01:08.794906 starting coverage gathering for util "unlink". State: (21, 1, 66)
2024-01-10T05:01:19.608694 done with util "unlink". State: (21, 0, 67)
2024-01-10T05:02:20.400654 starting coverage gathering for util "rmdir". State: (20, 1, 67)
2024-01-10T05:02:26.272554 done with util "rmdir". State: (20, 0, 68)
2024-01-10T05:17:52.076770 starting coverage gathering for util "seq". State: (19, 1, 68)
2024-01-10T05:17:59.326683 done with util "seq". State: (19, 0, 69)
2024-01-10T05:33:03.163615 starting coverage gathering for util "whoami". State: (18, 1, 69)
2024-01-10T05:33:12.435690 done with util "whoami". State: (18, 0, 70)
2024-01-10T06:02:38.356941 starting coverage gathering for util "shred". State: (17, 1, 70)
2024-01-10T06:02:43.695607 done with util "shred". State: (17, 0, 71)
2024-01-10T06:06:16.856279 starting coverage gathering for util "uname". State: (16, 1, 71)
2024-01-10T06:06:24.106876 done with util "uname". State: (16, 0, 72)
2024-01-10T06:31:04.806067 starting coverage gathering for util "stty". State: (15, 1, 72)
2024-01-10T06:31:14.355421 done with util "stty". State: (15, 0, 73)
2024-01-10T06:33:30.719058 starting coverage gathering for util "shuf". State: (14, 1, 73)
2024-01-10T06:33:37.549718 done with util "shuf". State: (14, 0, 74)
2024-01-10T06:37:47.221070 starting coverage gathering for util "sleep". State: (13, 1, 74)
2024-01-10T06:37:54.709894 done with util "sleep". State: (13, 0, 75)
2024-01-10T07:17:01.299213 starting coverage gathering for util "stat". State: (12, 1, 75)
2024-01-10T07:17:19.562435 done with util "stat". State: (12, 0, 76)
2024-01-10T08:01:31.567113 starting coverage gathering for util "tsort". State: (11, 1, 76)
2024-01-10T08:05:03.174032 starting coverage gathering for util "unexpand". State: (10, 2, 76)
2024-01-10T08:05:03.175217 starting coverage gathering for util "wc". State: (9, 3, 76)
2024-01-10T08:05:03.175608 starting coverage gathering for util "tr". State: (8, 4, 76)
2024-01-10T08:05:03.175909 starting coverage gathering for util "tail". State: (7, 5, 76)
2024-01-10T08:05:03.178076 starting coverage gathering for util "tty". State: (6, 6, 76)
2024-01-10T08:05:03.281305 starting coverage gathering for util "uniq". State: (5, 7, 76)
2024-01-10T08:05:03.283190 starting coverage gathering for util "who". State: (4, 8, 76)
2024-01-10T08:05:03.286865 starting coverage gathering for util "touch". State: (3, 9, 76)
2024-01-10T08:05:03.750138 starting coverage gathering for util "tac". State: (2, 10, 76)
2024-01-10T08:05:06.566938 starting coverage gathering for util "yes". State: (1, 11, 76)
2024-01-10T08:05:12.675227 done with util "tsort". State: (1, 10, 77)
2024-01-10T08:05:22.873690 done with util "tty". State: (1, 9, 78)
2024-01-10T08:05:22.948837 done with util "tr". State: (1, 8, 79)
2024-01-10T08:05:24.388867 done with util "yes". State: (1, 7, 80)
2024-01-10T08:05:25.053136 done with util "wc". State: (1, 6, 81)
2024-01-10T08:05:25.134591 done with util "uniq". State: (1, 5, 82)
2024-01-10T08:05:25.494048 done with util "unexpand". State: (1, 4, 83)
2024-01-10T08:05:25.495580 done with util "who". State: (1, 3, 84)
2024-01-10T08:05:25.513319 done with util "tail". State: (1, 2, 85)
2024-01-10T08:05:25.525690 done with util "tac". State: (1, 1, 86)
2024-01-10T08:05:25.528331 done with util "touch". State: (1, 0, 87)
2024-01-10T08:25:30.206417 starting coverage gathering for util "sort". State: (0, 1, 87)
2024-01-10T08:25:33.939045 done with util "sort". State: (0, 0, 88)
2024-01-10T08:25:33.942354 All tasks completed.
[?2004h[01;32mubuntu@vt-huberval-2[00m:[01;34m~/klee-coreutils-experiments[00m$ ^C[?2004l[?2004h[?2004l
[?2004h[01;32mubuntu@vt-huberval-2[00m:[01;34m~/klee-coreutils-experiments[00m$ [?2004l
exit
