[?2004h[01;32mubuntu@vt-huberval-2[00m:[01;34m~/klee-coreutils-experiments[00m$ python3 run-suite.py --max-threads 50 --dockerfile coreutils-8.25.Dockerfile --env KLEE_MAX_TIME_MIND[K 60 out/coreutils-[K[Ks-8.25[K[A[01;32mubuntu@vt-huberval-2[00m:[01;34m~/klee-coreutils-experiments[00m$ python3 run-suite.py --max-threads 50 --dockerfile coreutils-8.25.Dockerfile --env KLEE_MAX_TIME_MIN 60 out/coreutils-8.25
[?2004l2024-01-19T08:49:58.282989 Analyzing with the following args: Namespace(output_dir='out/coreutils-8.25', max_threads=50, dockerfile='coreutils-8.25.Dockerfile', image_name='klee-coreutils', util=None, env=[['KLEE_MAX_TIME_MIN', '60']], force=False)
2024-01-19T08:49:58.283067 Building docker image
2024-01-19T08:49:59.523887 starting run for util "[". State: (89, 0, 0)
2024-01-19T08:49:59.525920 starting run for util "base64". State: (89, 0, 0)
2024-01-19T08:49:59.527363 starting run for util "cat". State: (89, 0, 0)
2024-01-19T08:49:59.528621 starting run for util "basename". State: (89, 0, 0)
2024-01-19T08:49:59.529465 starting run for util "chcon". State: (89, 0, 0)
2024-01-19T08:49:59.532589 starting run for util "chgrp". State: (89, 0, 0)
2024-01-19T08:49:59.538495 starting run for util "chmod". State: (89, 0, 0)
2024-01-19T08:49:59.546799 starting run for util "chown". State: (89, 0, 0)
2024-01-19T08:49:59.548651 starting run for util "comm". State: (89, 0, 0)
2024-01-19T08:49:59.550007 starting run for util "chroot". State: (89, 0, 0)
2024-01-19T08:49:59.553310 starting run for util "date". State: (89, 0, 0)
2024-01-19T08:49:59.556442 starting run for util "cp". State: (89, 0, 0)
2024-01-19T08:49:59.559683 starting run for util "csplit". State: (89, 0, 0)
2024-01-19T08:49:59.559943 starting run for util "cut". State: (89, 0, 0)
2024-01-19T08:49:59.562685 starting run for util "dd". State: (89, 0, 0)
2024-01-19T08:49:59.572444 starting run for util "df". State: (89, 0, 0)
2024-01-19T08:49:59.575048 starting run for util "cksum". State: (89, 0, 0)
2024-01-19T08:49:59.575422 starting run for util "du". State: (89, 0, 0)
2024-01-19T08:49:59.577639 starting run for util "dircolors". State: (89, 0, 0)
2024-01-19T08:49:59.577877 starting run for util "echo". State: (89, 0, 0)
2024-01-19T08:49:59.587632 starting run for util "expand". State: (89, 0, 0)
2024-01-19T08:49:59.589890 starting run for util "env". State: (89, 0, 0)
2024-01-19T08:49:59.593104 starting run for util "dirname". State: (89, 0, 0)
2024-01-19T08:49:59.596223 starting run for util "false". State: (89, 0, 0)
2024-01-19T08:49:59.597688 starting run for util "factor". State: (89, 0, 0)
2024-01-19T08:49:59.600475 starting run for util "expr". State: (89, 0, 0)
2024-01-19T08:49:59.602101 starting run for util "fold". State: (89, 0, 0)
2024-01-19T08:49:59.603836 starting run for util "fmt". State: (89, 0, 0)
2024-01-19T08:49:59.605264 starting run for util "hostid". State: (89, 0, 0)
2024-01-19T08:49:59.609465 starting run for util "hostname". State: (89, 0, 0)
2024-01-19T08:49:59.610934 starting run for util "head". State: (89, 0, 0)
2024-01-19T08:49:59.612244 starting run for util "id". State: (89, 0, 0)
2024-01-19T08:49:59.614928 starting run for util "ginstall". State: (89, 0, 0)
2024-01-19T08:49:59.618958 starting run for util "join". State: (89, 0, 0)
2024-01-19T08:49:59.622841 starting run for util "kill". State: (89, 0, 0)
2024-01-19T08:49:59.627554 starting run for util "link". State: (89, 0, 0)
2024-01-19T08:49:59.629089 starting run for util "ln". State: (89, 0, 0)
2024-01-19T08:49:59.630328 starting run for util "logname". State: (89, 0, 0)
2024-01-19T08:49:59.631285 starting run for util "ls". State: (89, 0, 0)
2024-01-19T08:49:59.633286 starting run for util "md5sum". State: (89, 0, 0)
2024-01-19T08:49:59.688886 starting run for util "mkdir". State: (89, 0, 0)
2024-01-19T08:49:59.690116 starting run for util "mkfifo". State: (89, 0, 0)
2024-01-19T08:49:59.771552 starting run for util "mv". State: (89, 0, 0)
2024-01-19T08:49:59.782861 starting run for util "mknod". State: (89, 0, 0)
2024-01-19T08:49:59.789592 starting run for util "mktemp". State: (89, 0, 0)
2024-01-19T08:49:59.791405 starting run for util "nice". State: (89, 0, 0)
2024-01-19T08:49:59.793321 starting run for util "nl". State: (89, 0, 0)
2024-01-19T08:49:59.801051 starting run for util "od". State: (89, 0, 0)
2024-01-19T08:49:59.803160 starting run for util "nohup". State: (89, 0, 0)
2024-01-19T08:49:59.805518 starting run for util "paste". State: (89, 0, 0)
2024-01-19T08:51:22.020185 starting coverage gathering for util "hostname". State: (88, 1, 0)
2024-01-19T08:51:23.381306 starting coverage gathering for util "false". State: (87, 2, 0)
2024-01-19T08:51:35.702147 === ERROR: Failed to gather coverage for hostname with exit code 1
2024-01-19T08:51:35.702226 done with util "hostname". State: (87, 1, 1)
2024-01-19T08:51:35.702574 starting run for util "pathchk". State: (87, 1, 1)
2024-01-19T08:51:36.895563 done with util "false". State: (87, 0, 2)
2024-01-19T08:51:36.895912 starting run for util "pinky". State: (87, 0, 2)
2024-01-19T08:52:45.192828 starting coverage gathering for util "[". State: (86, 1, 2)
2024-01-19T08:52:56.476531 done with util "[". State: (86, 0, 3)
2024-01-19T08:52:56.477041 starting run for util "pr". State: (86, 0, 3)
2024-01-19T08:57:46.887810 starting coverage gathering for util "dirname". State: (85, 1, 3)
2024-01-19T08:57:54.715638 done with util "dirname". State: (85, 0, 4)
2024-01-19T08:57:54.715972 starting run for util "printenv". State: (85, 0, 4)
2024-01-19T08:59:35.293889 starting coverage gathering for util "cat". State: (84, 1, 4)
2024-01-19T08:59:47.683915 done with util "cat". State: (84, 0, 5)
2024-01-19T08:59:47.684272 starting run for util "printf". State: (84, 0, 5)
2024-01-19T09:01:33.291573 starting coverage gathering for util "basename". State: (83, 1, 5)
2024-01-19T09:01:47.099423 done with util "basename". State: (83, 0, 6)
2024-01-19T09:01:47.099888 starting run for util "ptx". State: (83, 0, 6)
2024-01-19T09:03:54.040181 starting coverage gathering for util "printenv". State: (82, 1, 6)
2024-01-19T09:04:03.456223 done with util "printenv". State: (82, 0, 7)
2024-01-19T09:04:03.456575 starting run for util "pwd". State: (82, 0, 7)
2024-01-19T09:09:10.587905 starting coverage gathering for util "pwd". State: (81, 1, 7)
2024-01-19T09:09:21.286619 done with util "pwd". State: (81, 0, 8)
2024-01-19T09:09:21.286980 starting run for util "readlink". State: (81, 0, 8)
2024-01-19T09:54:30.003608 starting coverage gathering for util "base64". State: (80, 1, 8)
2024-01-19T09:54:32.211535 starting coverage gathering for util "kill". State: (79, 2, 8)
2024-01-19T09:54:35.516802 starting coverage gathering for util "id". State: (78, 3, 8)
2024-01-19T09:54:45.619598 starting coverage gathering for util "nohup". State: (77, 4, 8)
2024-01-19T09:54:45.619861 starting coverage gathering for util "link". State: (76, 5, 8)
2024-01-19T09:54:47.093244 starting coverage gathering for util "comm". State: (75, 6, 8)
2024-01-19T09:54:47.708994 starting coverage gathering for util "df". State: (74, 7, 8)
2024-01-19T09:54:48.238699 starting coverage gathering for util "mktemp". State: (73, 8, 8)
2024-01-19T09:54:48.509483 starting coverage gathering for util "mkfifo". State: (72, 9, 8)
2024-01-19T09:54:48.511757 starting coverage gathering for util "dd". State: (71, 10, 8)
2024-01-19T09:54:50.302902 starting coverage gathering for util "cp". State: (70, 11, 8)
2024-01-19T09:54:50.312728 starting coverage gathering for util "logname". State: (69, 12, 8)
2024-01-19T09:54:55.610819 starting coverage gathering for util "mknod". State: (68, 13, 8)
2024-01-19T09:55:12.254811 starting coverage gathering for util "echo". State: (67, 14, 8)
2024-01-19T09:55:13.224323 starting coverage gathering for util "csplit". State: (66, 15, 8)
2024-01-19T09:55:14.562704 starting coverage gathering for util "nice". State: (65, 16, 8)
2024-01-19T09:55:20.500861 starting coverage gathering for util "chgrp". State: (64, 17, 8)
2024-01-19T09:55:22.102516 starting coverage gathering for util "od". State: (63, 18, 8)
2024-01-19T09:55:22.837434 starting coverage gathering for util "head". State: (62, 19, 8)
2024-01-19T09:55:23.225845 starting coverage gathering for util "mkdir". State: (61, 20, 8)
2024-01-19T09:55:23.495682 starting coverage gathering for util "chown". State: (60, 21, 8)
2024-01-19T09:55:23.501533 starting coverage gathering for util "du". State: (59, 22, 8)
2024-01-19T09:55:25.270662 starting coverage gathering for util "expr". State: (58, 23, 8)
2024-01-19T09:55:25.824126 starting coverage gathering for util "ginstall". State: (57, 24, 8)
2024-01-19T09:55:25.839712 starting coverage gathering for util "cut". State: (56, 25, 8)
2024-01-19T09:55:26.443878 starting coverage gathering for util "chcon". State: (55, 26, 8)
2024-01-19T09:55:26.547439 starting coverage gathering for util "fmt". State: (54, 27, 8)
2024-01-19T09:55:27.124380 starting coverage gathering for util "paste". State: (53, 28, 8)
2024-01-19T09:55:28.077772 starting coverage gathering for util "factor". State: (52, 29, 8)
2024-01-19T09:55:28.555190 starting coverage gathering for util "mv". State: (51, 30, 8)
2024-01-19T09:55:29.128960 starting coverage gathering for util "nl". State: (50, 31, 8)
2024-01-19T09:55:29.484273 starting coverage gathering for util "chroot". State: (49, 32, 8)
2024-01-19T09:55:29.485899 starting coverage gathering for util "pathchk". State: (48, 33, 8)
2024-01-19T09:55:29.488192 starting coverage gathering for util "chmod". State: (47, 34, 8)
2024-01-19T09:55:30.150381 starting coverage gathering for util "pinky". State: (46, 35, 8)
2024-01-19T09:55:31.047260 starting coverage gathering for util "ln". State: (45, 36, 8)
2024-01-19T09:55:31.051889 starting coverage gathering for util "md5sum". State: (44, 37, 8)
2024-01-19T09:55:31.581129 starting coverage gathering for util "cksum". State: (43, 38, 8)
2024-01-19T09:55:31.599205 starting coverage gathering for util "dircolors". State: (42, 39, 8)
2024-01-19T09:55:31.606569 starting coverage gathering for util "hostid". State: (41, 40, 8)
2024-01-19T09:55:32.182670 starting coverage gathering for util "fold". State: (40, 41, 8)
2024-01-19T09:55:32.190229 starting coverage gathering for util "date". State: (39, 42, 8)
2024-01-19T09:55:35.896989 starting coverage gathering for util "join". State: (38, 43, 8)
2024-01-19T09:55:36.017544 starting coverage gathering for util "expand". State: (37, 44, 8)
2024-01-19T09:55:37.604635 starting coverage gathering for util "env". State: (36, 45, 8)
2024-01-19T09:55:46.385705 starting coverage gathering for util "pr". State: (35, 46, 8)
2024-01-19T09:55:54.099478 done with util "base64". State: (35, 45, 9)
2024-01-19T09:55:54.100069 starting run for util "rm". State: (35, 45, 9)
2024-01-19T09:56:17.849616 done with util "id". State: (35, 44, 10)
2024-01-19T09:56:17.850150 starting run for util "rmdir". State: (35, 44, 10)
2024-01-19T09:56:28.365087 done with util "kill". State: (35, 43, 11)
2024-01-19T09:56:28.365777 starting run for util "runcon". State: (35, 43, 11)
2024-01-19T09:56:33.699759 done with util "mktemp". State: (35, 42, 12)
2024-01-19T09:56:33.700304 starting run for util "seq". State: (35, 42, 12)
2024-01-19T09:56:42.564954 done with util "comm". State: (35, 41, 13)
2024-01-19T09:56:42.565460 starting run for util "setuidgid". State: (35, 41, 13)
2024-01-19T09:56:58.182409 done with util "mkfifo". State: (35, 40, 14)
2024-01-19T09:56:58.182793 starting run for util "shred". State: (35, 40, 14)
2024-01-19T09:56:58.717642 done with util "dd". State: (35, 39, 15)
2024-01-19T09:56:58.718419 starting run for util "shuf". State: (35, 39, 15)
2024-01-19T09:57:19.889840 done with util "logname". State: (35, 38, 16)
2024-01-19T09:57:19.890389 starting run for util "sleep". State: (35, 38, 16)
2024-01-19T09:57:24.246063 done with util "link". State: (35, 37, 17)
2024-01-19T09:57:24.246589 starting run for util "sort". State: (35, 37, 17)
2024-01-19T09:57:30.323719 done with util "nohup". State: (35, 36, 18)
2024-01-19T09:57:30.324158 starting run for util "split". State: (35, 36, 18)
2024-01-19T09:57:31.973302 done with util "cp". State: (35, 35, 19)
2024-01-19T09:57:31.973861 starting run for util "stat". State: (35, 35, 19)
2024-01-19T09:57:46.874144 done with util "df". State: (35, 34, 20)
2024-01-19T09:57:46.874679 starting run for util "stty". State: (35, 34, 20)
2024-01-19T09:57:57.552571 done with util "mknod". State: (35, 33, 21)
2024-01-19T09:57:57.553099 starting run for util "sum". State: (35, 33, 21)
2024-01-19T09:58:08.771807 done with util "od". State: (35, 32, 22)
2024-01-19T09:58:08.772372 starting run for util "sync". State: (35, 32, 22)
2024-01-19T09:58:11.413203 starting coverage gathering for util "ls". State: (34, 33, 22)
2024-01-19T09:58:23.218227 done with util "echo". State: (34, 32, 23)
2024-01-19T09:58:23.219156 starting run for util "tac". State: (34, 32, 23)
2024-01-19T09:58:23.486306 done with util "csplit". State: (34, 31, 24)
2024-01-19T09:58:23.486838 starting run for util "tail". State: (34, 31, 24)
2024-01-19T09:58:28.333779 done with util "nice". State: (34, 30, 25)
2024-01-19T09:58:28.334440 starting run for util "tee". State: (34, 30, 25)
2024-01-19T09:58:42.264144 done with util "chgrp". State: (34, 29, 26)
2024-01-19T09:58:42.264629 starting run for util "touch". State: (34, 29, 26)
2024-01-19T09:58:51.048667 done with util "head". State: (34, 28, 27)
2024-01-19T09:58:51.049229 starting run for util "tr". State: (34, 28, 27)
2024-01-19T09:59:03.851713 done with util "chown". State: (34, 27, 28)
2024-01-19T09:59:03.852231 starting run for util "tsort". State: (34, 27, 28)
2024-01-19T09:59:08.158792 done with util "mkdir". State: (34, 26, 29)
2024-01-19T09:59:08.159287 starting run for util "tty". State: (34, 26, 29)
2024-01-19T09:59:18.490016 done with util "du". State: (34, 25, 30)
2024-01-19T09:59:18.490448 starting run for util "uname". State: (34, 25, 30)
2024-01-19T09:59:24.947409 done with util "expr". State: (34, 24, 31)
2024-01-19T09:59:24.947868 starting run for util "unexpand". State: (34, 24, 31)
2024-01-19T09:59:40.252586 done with util "cut". State: (34, 23, 32)
2024-01-19T09:59:40.253335 starting run for util "uniq". State: (34, 23, 32)
2024-01-19T09:59:41.929987 done with util "ginstall". State: (34, 22, 33)
2024-01-19T09:59:41.930412 starting run for util "unlink". State: (34, 22, 33)
2024-01-19T09:59:56.603111 done with util "chcon". State: (34, 21, 34)
2024-01-19T09:59:56.603737 starting run for util "uptime". State: (34, 21, 34)
2024-01-19T10:00:31.334202 done with util "fmt". State: (34, 20, 35)
2024-01-19T10:00:31.334675 starting run for util "users". State: (34, 20, 35)
2024-01-19T10:00:46.615171 done with util "paste". State: (34, 19, 36)
2024-01-19T10:00:46.621413 starting run for util "wc". State: (34, 19, 36)
2024-01-19T10:00:53.284035 done with util "factor". State: (34, 18, 37)
2024-01-19T10:00:53.284555 starting run for util "whoami". State: (34, 18, 37)
2024-01-19T10:01:06.566783 starting coverage gathering for util "printf". State: (33, 19, 37)
2024-01-19T10:01:33.928514 done with util "chroot". State: (33, 18, 38)
2024-01-19T10:01:33.929058 starting run for util "who". State: (33, 18, 38)
2024-01-19T10:01:33.938735 done with util "nl". State: (33, 17, 39)
2024-01-19T10:01:33.939134 starting run for util "yes". State: (33, 17, 39)
2024-01-19T10:01:39.123383 done with util "mv". State: (33, 16, 40)
2024-01-19T10:01:45.980948 done with util "chmod". State: (33, 15, 41)
2024-01-19T10:01:46.101138 done with util "pathchk". State: (33, 14, 42)
2024-01-19T10:01:48.878026 done with util "pinky". State: (33, 13, 43)
2024-01-19T10:01:53.259127 done with util "md5sum". State: (33, 12, 44)
2024-01-19T10:02:12.289322 done with util "fold". State: (33, 11, 45)
2024-01-19T10:02:12.404371 done with util "ln". State: (33, 10, 46)
2024-01-19T10:02:21.586761 done with util "cksum". State: (33, 9, 47)
2024-01-19T10:02:35.696331 done with util "date". State: (33, 8, 48)
2024-01-19T10:02:35.697602 done with util "hostid". State: (33, 7, 49)
2024-01-19T10:02:36.534197 done with util "dircolors". State: (33, 6, 50)
2024-01-19T10:02:39.997797 done with util "join". State: (33, 5, 51)
2024-01-19T10:02:42.636860 done with util "expand". State: (33, 4, 52)
2024-01-19T10:02:43.241606 done with util "env". State: (33, 3, 53)
2024-01-19T10:02:46.570358 done with util "pr". State: (33, 2, 54)
2024-01-19T10:03:11.188502 starting coverage gathering for util "setuidgid". State: (32, 3, 54)
2024-01-19T10:04:14.734219 done with util "ls". State: (32, 2, 55)
2024-01-19T10:04:14.739463 starting coverage gathering for util "runcon". State: (31, 3, 55)
2024-01-19T10:04:40.558802 starting coverage gathering for util "ptx". State: (30, 4, 55)
2024-01-19T10:06:01.563481 done with util "printf". State: (30, 3, 56)
2024-01-19T10:06:26.981808 done with util "runcon". State: (30, 2, 57)
2024-01-19T10:06:37.686464 === ERROR: Failed to gather coverage for setuidgid with exit code 1
2024-01-19T10:06:37.686574 done with util "setuidgid". State: (30, 1, 58)
2024-01-19T10:06:38.654517 starting coverage gathering for util "users". State: (29, 2, 58)
2024-01-19T10:06:38.893733 done with util "ptx". State: (29, 1, 59)
2024-01-19T10:07:02.692861 starting coverage gathering for util "uptime". State: (28, 2, 59)
2024-01-19T10:08:29.236841 done with util "users". State: (28, 1, 60)
2024-01-19T10:08:29.408166 done with util "uptime". State: (28, 0, 61)
2024-01-19T10:12:21.750872 starting coverage gathering for util "readlink". State: (27, 1, 61)
2024-01-19T10:13:09.870648 done with util "readlink". State: (27, 0, 62)
2024-01-19T11:00:18.749622 starting coverage gathering for util "tty". State: (26, 1, 62)
2024-01-19T11:00:46.850140 done with util "tty". State: (26, 0, 63)
2024-01-19T11:03:12.935294 starting coverage gathering for util "rm". State: (25, 1, 63)
2024-01-19T11:32:12.458478 starting coverage gathering for util "wc". State: (24, 2, 63)
2024-01-19T11:32:12.459589 starting coverage gathering for util "sum". State: (23, 3, 63)
2024-01-19T11:32:12.460916 starting coverage gathering for util "sleep". State: (22, 4, 63)
2024-01-19T11:32:12.461455 starting coverage gathering for util "rmdir". State: (21, 5, 63)
2024-01-19T11:32:12.463673 starting coverage gathering for util "stty". State: (20, 6, 63)
2024-01-19T11:32:12.555292 starting coverage gathering for util "split". State: (19, 7, 63)
2024-01-19T11:32:15.071687 starting coverage gathering for util "tail". State: (18, 8, 63)
2024-01-19T11:32:15.079735 starting coverage gathering for util "uname". State: (17, 9, 63)
2024-01-19T11:32:18.507156 starting coverage gathering for util "yes". State: (16, 10, 63)
2024-01-19T11:32:24.243861 starting coverage gathering for util "stat". State: (15, 11, 63)
2024-01-19T11:32:26.860325 starting coverage gathering for util "tsort". State: (14, 12, 63)
2024-01-19T11:32:27.803868 starting coverage gathering for util "tr". State: (13, 13, 63)
2024-01-19T11:32:28.102430 starting coverage gathering for util "uniq". State: (12, 14, 63)
2024-01-19T11:32:28.688590 starting coverage gathering for util "tac". State: (11, 15, 63)
2024-01-19T11:32:28.892933 starting coverage gathering for util "touch". State: (10, 16, 63)
2024-01-19T11:32:28.899181 starting coverage gathering for util "shuf". State: (9, 17, 63)
2024-01-19T11:32:29.269536 starting coverage gathering for util "who". State: (8, 18, 63)
2024-01-19T11:32:29.515276 starting coverage gathering for util "tee". State: (7, 19, 63)
2024-01-19T11:32:29.548087 starting coverage gathering for util "seq". State: (6, 20, 63)
2024-01-19T11:32:29.872718 starting coverage gathering for util "unexpand". State: (5, 21, 63)
2024-01-19T11:32:30.328743 starting coverage gathering for util "shred". State: (4, 22, 63)
2024-01-19T11:32:31.429983 starting coverage gathering for util "unlink". State: (3, 23, 63)
2024-01-19T11:32:33.210542 starting coverage gathering for util "sort". State: (2, 24, 63)
2024-01-19T11:32:33.596189 starting coverage gathering for util "whoami". State: (1, 25, 63)
2024-01-19T11:32:34.195662 starting coverage gathering for util "sync". State: (0, 26, 63)
2024-01-19T11:32:45.531201 done with util "rm". State: (0, 25, 64)
2024-01-19T11:32:49.584530 done with util "split". State: (0, 24, 65)
2024-01-19T11:32:53.891548 done with util "rmdir". State: (0, 23, 66)
2024-01-19T11:32:54.750220 done with util "sum". State: (0, 22, 67)
2024-01-19T11:32:55.736078 done with util "wc". State: (0, 21, 68)
2024-01-19T11:32:57.592578 done with util "sleep". State: (0, 20, 69)
2024-01-19T11:32:58.229229 done with util "stty". State: (0, 19, 70)
2024-01-19T11:33:01.110548 done with util "tail". State: (0, 18, 71)
2024-01-19T11:33:03.988294 done with util "uname". State: (0, 17, 72)
2024-01-19T11:33:15.224699 done with util "yes". State: (0, 16, 73)
2024-01-19T11:33:22.260529 done with util "stat". State: (0, 15, 74)
2024-01-19T11:33:22.896358 done with util "tsort". State: (0, 14, 75)
2024-01-19T11:33:22.898092 done with util "tac". State: (0, 13, 76)
2024-01-19T11:33:24.169608 done with util "touch". State: (0, 12, 77)
2024-01-19T11:33:26.637514 done with util "shuf". State: (0, 11, 78)
2024-01-19T11:33:26.755999 done with util "tr". State: (0, 10, 79)
2024-01-19T11:33:27.137677 done with util "seq". State: (0, 9, 80)
2024-01-19T11:33:27.138360 done with util "uniq". State: (0, 8, 81)
2024-01-19T11:33:29.600100 done with util "who". State: (0, 7, 82)
2024-01-19T11:33:29.602630 done with util "tee". State: (0, 6, 83)
2024-01-19T11:33:32.558076 done with util "unexpand". State: (0, 5, 84)
2024-01-19T11:33:38.490768 done with util "shred". State: (0, 4, 85)
2024-01-19T11:33:38.736169 done with util "unlink". State: (0, 3, 86)
2024-01-19T11:33:41.321940 done with util "whoami". State: (0, 2, 87)
2024-01-19T11:33:41.351645 done with util "sort". State: (0, 1, 88)
2024-01-19T11:33:41.723018 done with util "sync". State: (0, 0, 89)
2024-01-19T11:33:41.723929 All tasks completed.
[?2004h[01;32mubuntu@vt-huberval-2[00m:[01;34m~/klee-coreutils-experiments[00m$ ^C[?2004l[?2004h[?2004l
[?2004h[01;32mubuntu@vt-huberval-2[00m:[01;34m~/klee-coreutils-experiments[00m$ [?2004l
exit
