[?2004h[01;32mubuntu@vt-huberval-2[00m:[01;34m~/klee-coreutils-experiments[00m$ python3 run-suite.py --max-threads 42 --dockerfile coreutils-9.4.Dockerfile out/coreutils-9.4/1h
[?2004l2024-01-23T11:33:19.429122 Analyzing with the following args: Namespace(output_dir='out/coreutils-9.4/1h', max_threads=42, image_name=None, dockerfile='coreutils-9.4.Dockerfile', util=None, env=None, force=False)
2024-01-23T11:33:19.429196 Building docker image from dockerfile coreutils-9.4.Dockerfile to image klee-coreutils-coreutils-9.4[-cov]
2024-01-23T11:33:23.663748 starting run for util "base64". State: (88, 1, 0, 0)
2024-01-23T11:33:23.667489 starting run for util "cat". State: (87, 2, 0, 0)
2024-01-23T11:33:23.669812 starting run for util "chcon". State: (86, 3, 0, 0)
2024-01-23T11:33:23.671621 starting run for util "basename". State: (85, 4, 0, 0)
2024-01-23T11:33:23.673035 starting run for util "chgrp". State: (84, 5, 0, 0)
2024-01-23T11:33:23.676590 starting run for util "[". State: (83, 6, 0, 0)
2024-01-23T11:33:23.678017 starting run for util "chmod". State: (82, 7, 0, 0)
2024-01-23T11:33:23.681373 starting run for util "chown". State: (81, 8, 0, 0)
2024-01-23T11:33:23.684251 starting run for util "chroot". State: (80, 9, 0, 0)
2024-01-23T11:33:23.684515 starting run for util "comm". State: (79, 10, 0, 0)
2024-01-23T11:33:23.688195 starting run for util "cksum". State: (78, 11, 0, 0)
2024-01-23T11:33:23.690903 starting run for util "cp". State: (77, 12, 0, 0)
2024-01-23T11:33:23.693133 starting run for util "csplit". State: (76, 13, 0, 0)
2024-01-23T11:33:23.695762 starting run for util "date". State: (75, 14, 0, 0)
2024-01-23T11:33:23.697175 starting run for util "dd". State: (74, 15, 0, 0)
2024-01-23T11:33:23.701864 starting run for util "cut". State: (73, 16, 0, 0)
2024-01-23T11:33:23.703828 starting run for util "df". State: (72, 17, 0, 0)
2024-01-23T11:33:23.708243 starting run for util "du". State: (71, 18, 0, 0)
2024-01-23T11:33:23.710833 starting run for util "dircolors". State: (70, 19, 0, 0)
2024-01-23T11:33:23.713363 starting run for util "dirname". State: (69, 20, 0, 0)
2024-01-23T11:33:23.714722 starting run for util "echo". State: (68, 21, 0, 0)
2024-01-23T11:33:23.718034 starting run for util "env". State: (67, 22, 0, 0)
2024-01-23T11:33:23.723950 starting run for util "factor". State: (66, 23, 0, 0)
2024-01-23T11:33:23.724715 starting run for util "expand". State: (65, 24, 0, 0)
2024-01-23T11:33:23.725680 starting run for util "expr". State: (64, 25, 0, 0)
2024-01-23T11:33:23.728083 starting run for util "false". State: (63, 26, 0, 0)
2024-01-23T11:33:23.733676 starting run for util "head". State: (62, 27, 0, 0)
2024-01-23T11:33:23.735501 starting run for util "fold". State: (61, 28, 0, 0)
2024-01-23T11:33:23.739414 starting run for util "fmt". State: (60, 29, 0, 0)
2024-01-23T11:33:23.740530 starting run for util "hostid". State: (59, 30, 0, 0)
2024-01-23T11:33:23.742054 starting run for util "id". State: (58, 31, 0, 0)
2024-01-23T11:33:23.744831 starting run for util "ginstall". State: (57, 32, 0, 0)
2024-01-23T11:33:23.748324 starting run for util "hostname". State: (56, 33, 0, 0)
2024-01-23T11:33:23.751582 starting run for util "link". State: (55, 34, 0, 0)
2024-01-23T11:33:23.754955 starting run for util "join". State: (54, 35, 0, 0)
2024-01-23T11:33:23.762096 starting run for util "logname". State: (53, 36, 0, 0)
2024-01-23T11:33:23.765507 starting run for util "ln". State: (52, 37, 0, 0)
2024-01-23T11:33:23.766955 starting run for util "kill". State: (51, 38, 0, 0)
2024-01-23T11:33:23.770159 starting run for util "md5sum". State: (50, 39, 0, 0)
2024-01-23T11:33:23.770448 starting run for util "mkdir". State: (49, 40, 0, 0)
2024-01-23T11:33:23.773562 starting run for util "mkfifo". State: (48, 41, 0, 0)
2024-01-23T11:33:23.774924 starting run for util "ls". State: (47, 42, 0, 0)
2024-01-23T11:33:32.644359 starting coverage gathering for util "hostname". State: (47, 41, 1, 0)
2024-01-23T11:33:40.740953 starting coverage gathering for util "false". State: (47, 40, 2, 0)
2024-01-23T11:33:51.516235 starting coverage gathering for util "cksum". State: (47, 39, 3, 0)
2024-01-23T11:34:04.170520 === ERROR: Failed to gather coverage for hostname with exit code 1
2024-01-23T11:34:04.170607 done with util "hostname". State: (47, 39, 2, 1)
2024-01-23T11:34:04.170976 starting run for util "mknod". State: (46, 40, 2, 1)
2024-01-23T11:34:20.470785 done with util "false". State: (46, 40, 1, 2)
2024-01-23T11:34:20.471290 starting run for util "mktemp". State: (45, 41, 1, 2)
2024-01-23T11:34:21.024936 === ERROR: Failed to gather coverage for cksum with exit code 1
2024-01-23T11:34:21.025093 done with util "cksum". State: (45, 41, 0, 3)
2024-01-23T11:34:21.025874 starting run for util "mv". State: (44, 42, 0, 3)
2024-01-23T11:37:21.276428 starting coverage gathering for util "[". State: (44, 41, 1, 3)
2024-01-23T11:37:21.283062 starting coverage gathering for util "dirname". State: (44, 40, 2, 3)
2024-01-23T11:38:00.875539 done with util "dirname". State: (44, 40, 1, 4)
2024-01-23T11:38:00.876018 starting run for util "nice". State: (43, 41, 1, 4)
2024-01-23T11:38:00.903837 done with util "[". State: (43, 41, 0, 5)
2024-01-23T11:38:00.904308 starting run for util "nl". State: (42, 42, 0, 5)
2024-01-23T11:56:15.947546 starting coverage gathering for util "basename". State: (42, 41, 1, 5)
2024-01-23T11:56:24.292013 done with util "basename". State: (42, 41, 0, 6)
2024-01-23T11:56:24.292431 starting run for util "nohup". State: (41, 42, 0, 6)
2024-01-23T11:59:16.636484 starting coverage gathering for util "cat". State: (41, 41, 1, 6)
2024-01-23T11:59:24.123030 done with util "cat". State: (41, 41, 0, 7)
2024-01-23T11:59:24.123527 starting run for util "od". State: (40, 42, 0, 7)
2024-01-23T12:56:14.311180 starting coverage gathering for util "chown". State: (40, 41, 1, 7)
2024-01-23T12:56:14.318070 starting coverage gathering for util "ls". State: (40, 40, 2, 7)
2024-01-23T12:56:14.320322 starting coverage gathering for util "hostid". State: (40, 39, 3, 7)
2024-01-23T12:56:14.321869 starting coverage gathering for util "echo". State: (40, 38, 4, 7)
2024-01-23T12:56:14.322257 starting coverage gathering for util "chroot". State: (40, 37, 5, 7)
2024-01-23T12:56:14.324952 starting coverage gathering for util "date". State: (40, 36, 6, 7)
2024-01-23T12:56:14.326690 starting coverage gathering for util "md5sum". State: (40, 35, 7, 7)
2024-01-23T12:56:14.328121 starting coverage gathering for util "comm". State: (40, 34, 8, 7)
2024-01-23T12:56:14.329430 starting coverage gathering for util "env". State: (40, 33, 9, 7)
2024-01-23T12:56:14.329676 starting coverage gathering for util "dircolors". State: (40, 32, 10, 7)
2024-01-23T12:56:14.332180 starting coverage gathering for util "head". State: (40, 31, 11, 7)
2024-01-23T12:56:14.333486 starting coverage gathering for util "cut". State: (40, 30, 12, 7)
2024-01-23T12:56:14.538941 starting coverage gathering for util "factor". State: (40, 29, 13, 7)
2024-01-23T12:56:14.660170 starting coverage gathering for util "link". State: (40, 28, 14, 7)
2024-01-23T12:56:14.770378 starting coverage gathering for util "csplit". State: (40, 27, 15, 7)
2024-01-23T12:56:14.772014 starting coverage gathering for util "kill". State: (40, 26, 16, 7)
2024-01-23T12:56:14.897787 starting coverage gathering for util "expand". State: (40, 25, 17, 7)
2024-01-23T12:56:14.925555 starting coverage gathering for util "logname". State: (40, 24, 18, 7)
2024-01-23T12:56:14.995937 starting coverage gathering for util "expr". State: (40, 23, 19, 7)
2024-01-23T12:56:15.066699 starting coverage gathering for util "ln". State: (40, 22, 20, 7)
2024-01-23T12:56:15.203834 starting coverage gathering for util "ginstall". State: (40, 21, 21, 7)
2024-01-23T12:56:15.231326 starting coverage gathering for util "nice". State: (40, 20, 22, 7)
2024-01-23T12:56:15.232757 starting coverage gathering for util "chcon". State: (40, 19, 23, 7)
2024-01-23T12:56:15.251528 starting coverage gathering for util "mkdir". State: (40, 18, 24, 7)
2024-01-23T12:56:15.259550 starting coverage gathering for util "chmod". State: (40, 17, 25, 7)
2024-01-23T12:56:15.260689 starting coverage gathering for util "id". State: (40, 16, 26, 7)
2024-01-23T12:56:16.162876 starting coverage gathering for util "fold". State: (40, 15, 27, 7)
2024-01-23T12:56:16.330448 starting coverage gathering for util "dd". State: (40, 14, 28, 7)
2024-01-23T12:56:16.358399 starting coverage gathering for util "chgrp". State: (40, 13, 29, 7)
2024-01-23T12:56:16.397308 starting coverage gathering for util "fmt". State: (40, 12, 30, 7)
2024-01-23T12:56:16.548870 starting coverage gathering for util "base64". State: (40, 11, 31, 7)
2024-01-23T12:56:16.567625 starting coverage gathering for util "join". State: (40, 10, 32, 7)
2024-01-23T12:56:16.569035 starting coverage gathering for util "mknod". State: (40, 9, 33, 7)
2024-01-23T12:56:16.579717 starting coverage gathering for util "mv". State: (40, 8, 34, 7)
2024-01-23T12:56:16.598936 starting coverage gathering for util "du". State: (40, 7, 35, 7)
2024-01-23T12:56:16.607642 starting coverage gathering for util "mktemp". State: (40, 6, 36, 7)
2024-01-23T12:56:17.505351 starting coverage gathering for util "mkfifo". State: (40, 5, 37, 7)
2024-01-23T12:56:17.592040 starting coverage gathering for util "nl". State: (40, 4, 38, 7)
2024-01-23T12:56:17.867073 starting coverage gathering for util "df". State: (40, 3, 39, 7)
2024-01-23T12:56:18.553227 starting coverage gathering for util "cp". State: (40, 2, 40, 7)
2024-01-23T12:56:23.895160 done with util "dircolors". State: (40, 2, 39, 8)
2024-01-23T12:56:23.895695 starting run for util "paste". State: (39, 3, 39, 8)
2024-01-23T12:56:23.919499 done with util "chown". State: (39, 3, 38, 9)
2024-01-23T12:56:23.919998 starting run for util "pathchk". State: (38, 4, 38, 9)
2024-01-23T12:56:24.880260 done with util "echo". State: (38, 4, 37, 10)
2024-01-23T12:56:24.880778 starting run for util "pinky". State: (37, 5, 37, 10)
2024-01-23T12:56:24.909967 done with util "md5sum". State: (37, 5, 36, 11)
2024-01-23T12:56:24.910451 starting run for util "pr". State: (36, 6, 36, 11)
2024-01-23T12:56:25.086686 done with util "chroot". State: (36, 6, 35, 12)
2024-01-23T12:56:25.087104 starting run for util "printenv". State: (35, 7, 35, 12)
2024-01-23T12:56:25.320571 done with util "comm". State: (35, 7, 34, 13)
2024-01-23T12:56:25.321251 starting run for util "printf". State: (34, 8, 34, 13)
2024-01-23T12:56:25.786789 done with util "hostid". State: (34, 8, 33, 14)
2024-01-23T12:56:25.787228 starting run for util "ptx". State: (33, 9, 33, 14)
2024-01-23T12:56:26.166329 done with util "env". State: (33, 9, 32, 15)
2024-01-23T12:56:26.166769 starting run for util "pwd". State: (32, 10, 32, 15)
2024-01-23T12:56:26.526320 done with util "ls". State: (32, 10, 31, 16)
2024-01-23T12:56:26.526825 starting run for util "readlink". State: (31, 11, 31, 16)
2024-01-23T12:56:26.893969 done with util "date". State: (31, 11, 30, 17)
2024-01-23T12:56:26.894550 starting run for util "rm". State: (30, 12, 30, 17)
2024-01-23T12:56:27.190534 done with util "cut". State: (30, 12, 29, 18)
2024-01-23T12:56:27.191086 starting run for util "rmdir". State: (29, 13, 29, 18)
2024-01-23T12:56:27.276630 done with util "factor". State: (29, 13, 28, 19)
2024-01-23T12:56:27.277076 starting run for util "runcon". State: (28, 14, 28, 19)
2024-01-23T12:56:27.477571 done with util "head". State: (28, 14, 27, 20)
2024-01-23T12:56:27.477973 starting run for util "seq". State: (27, 15, 27, 20)
2024-01-23T12:56:27.493197 done with util "kill". State: (27, 15, 26, 21)
2024-01-23T12:56:27.493467 starting run for util "setuidgid". State: (26, 16, 26, 21)
2024-01-23T12:56:27.570955 done with util "csplit". State: (26, 16, 25, 22)
2024-01-23T12:56:27.571483 starting run for util "shred". State: (25, 17, 25, 22)
2024-01-23T12:56:27.634631 done with util "link". State: (25, 17, 24, 23)
2024-01-23T12:56:27.635034 starting run for util "shuf". State: (24, 18, 24, 23)
2024-01-23T12:56:27.806507 done with util "expand". State: (24, 18, 23, 24)
2024-01-23T12:56:27.807202 starting run for util "sleep". State: (23, 19, 23, 24)
2024-01-23T12:56:29.286211 done with util "expr". State: (23, 19, 22, 25)
2024-01-23T12:56:29.286582 starting run for util "sort". State: (22, 20, 22, 25)
2024-01-23T12:56:29.760427 done with util "ln". State: (22, 20, 21, 26)
2024-01-23T12:56:29.761030 starting run for util "split". State: (21, 21, 21, 26)
2024-01-23T12:56:30.533715 done with util "logname". State: (21, 21, 20, 27)
2024-01-23T12:56:30.534150 starting run for util "stat". State: (20, 22, 20, 27)
2024-01-23T12:56:30.759024 done with util "nice". State: (20, 22, 19, 28)
2024-01-23T12:56:30.759441 starting run for util "stty". State: (19, 23, 19, 28)
2024-01-23T12:56:30.840505 done with util "chcon". State: (19, 23, 18, 29)
2024-01-23T12:56:30.841091 starting run for util "sum". State: (18, 24, 18, 29)
2024-01-23T12:56:30.986420 done with util "mkdir". State: (18, 24, 17, 30)
2024-01-23T12:56:30.986951 starting run for util "sync". State: (17, 25, 17, 30)
2024-01-23T12:56:31.110917 done with util "ginstall". State: (17, 25, 16, 31)
2024-01-23T12:56:31.111556 starting run for util "tac". State: (16, 26, 16, 31)
2024-01-23T12:56:31.575608 done with util "fold". State: (16, 26, 15, 32)
2024-01-23T12:56:31.576304 starting run for util "tail". State: (15, 27, 15, 32)
2024-01-23T12:56:31.628212 done with util "chmod". State: (15, 27, 14, 33)
2024-01-23T12:56:31.628962 starting run for util "tee". State: (14, 28, 14, 33)
2024-01-23T12:56:31.744535 done with util "dd". State: (14, 28, 13, 34)
2024-01-23T12:56:31.745101 starting run for util "touch". State: (13, 29, 13, 34)
2024-01-23T12:56:31.821522 done with util "id". State: (13, 29, 12, 35)
2024-01-23T12:56:31.822128 starting run for util "tr". State: (12, 30, 12, 35)
2024-01-23T12:56:33.842001 done with util "chgrp". State: (12, 30, 11, 36)
2024-01-23T12:56:33.842473 starting run for util "tsort". State: (11, 31, 11, 36)
2024-01-23T12:56:33.860270 done with util "fmt". State: (11, 31, 10, 37)
2024-01-23T12:56:33.860791 starting run for util "tty". State: (10, 32, 10, 37)
2024-01-23T12:56:35.427589 done with util "mv". State: (10, 32, 9, 38)
2024-01-23T12:56:35.428189 starting run for util "uname". State: (9, 33, 9, 38)
2024-01-23T12:56:35.628968 done with util "join". State: (9, 33, 8, 39)
2024-01-23T12:56:35.629586 starting run for util "unexpand". State: (8, 34, 8, 39)
2024-01-23T12:56:36.137276 done with util "base64". State: (8, 34, 7, 40)
2024-01-23T12:56:36.137872 starting run for util "uniq". State: (7, 35, 7, 40)
2024-01-23T12:56:36.335602 done with util "du". State: (7, 35, 6, 41)
2024-01-23T12:56:36.336331 starting run for util "unlink". State: (6, 36, 6, 41)
2024-01-23T12:56:36.526148 starting coverage gathering for util "nohup". State: (6, 35, 7, 41)
2024-01-23T12:56:37.442607 done with util "mknod". State: (6, 35, 6, 42)
2024-01-23T12:56:37.443195 starting run for util "uptime". State: (5, 36, 6, 42)
2024-01-23T12:56:37.609076 done with util "df". State: (5, 36, 5, 43)
2024-01-23T12:56:37.609531 starting run for util "users". State: (4, 37, 5, 43)
2024-01-23T12:56:38.147863 done with util "mktemp". State: (4, 37, 4, 44)
2024-01-23T12:56:38.148721 starting run for util "wc". State: (3, 38, 4, 44)
2024-01-23T12:56:38.246457 done with util "nl". State: (3, 38, 3, 45)
2024-01-23T12:56:38.246893 starting run for util "whoami". State: (2, 39, 3, 45)
2024-01-23T12:56:38.351774 done with util "mkfifo". State: (2, 39, 2, 46)
2024-01-23T12:56:38.352326 starting run for util "who". State: (1, 40, 2, 46)
2024-01-23T12:56:38.513904 done with util "cp". State: (1, 40, 1, 47)
2024-01-23T12:56:38.514931 starting run for util "yes". State: (0, 41, 1, 47)
2024-01-23T12:56:48.081091 starting coverage gathering for util "setuidgid". State: (0, 40, 2, 47)
2024-01-23T12:56:54.182406 done with util "nohup". State: (0, 40, 1, 48)
2024-01-23T12:56:54.624072 === ERROR: Failed to gather coverage for setuidgid with exit code 1
2024-01-23T12:56:54.624148 done with util "setuidgid". State: (0, 40, 0, 49)
2024-01-23T12:57:01.177856 starting coverage gathering for util "wc". State: (0, 39, 1, 49)
2024-01-23T12:57:02.459619 === ERROR: Failed to gather coverage for wc with exit code 1
2024-01-23T12:57:02.459719 done with util "wc". State: (0, 39, 0, 50)
2024-01-23T12:57:28.599729 starting coverage gathering for util "runcon". State: (0, 38, 1, 50)
2024-01-23T12:57:33.502914 done with util "runcon". State: (0, 38, 0, 51)
2024-01-23T12:58:05.668248 starting coverage gathering for util "users". State: (0, 37, 1, 51)
2024-01-23T12:58:11.199265 done with util "users". State: (0, 37, 0, 52)
2024-01-23T12:58:21.971141 starting coverage gathering for util "uptime". State: (0, 36, 1, 52)
2024-01-23T12:58:27.853817 done with util "uptime". State: (0, 36, 0, 53)
2024-01-23T12:59:39.772037 starting coverage gathering for util "od". State: (0, 35, 1, 53)
2024-01-23T12:59:44.566975 done with util "od". State: (0, 35, 0, 54)
2024-01-23T13:02:11.576749 starting coverage gathering for util "pwd". State: (0, 34, 1, 54)
2024-01-23T13:02:29.926674 done with util "pwd". State: (0, 34, 0, 55)
2024-01-23T13:03:19.044096 starting coverage gathering for util "printenv". State: (0, 33, 1, 55)
2024-01-23T13:03:41.966918 done with util "printenv". State: (0, 33, 0, 56)
2024-01-23T13:06:24.185314 starting coverage gathering for util "shuf". State: (0, 32, 1, 56)
2024-01-23T13:06:39.124172 done with util "shuf". State: (0, 32, 0, 57)
2024-01-23T13:10:59.009730 starting coverage gathering for util "split". State: (0, 31, 1, 57)
2024-01-23T13:11:19.549373 done with util "split". State: (0, 31, 0, 58)
2024-01-23T14:21:07.781608 starting coverage gathering for util "printf". State: (0, 30, 1, 58)
2024-01-23T14:21:07.782919 starting coverage gathering for util "shred". State: (0, 29, 2, 58)
2024-01-23T14:21:07.784542 starting coverage gathering for util "tee". State: (0, 28, 3, 58)
2024-01-23T14:21:08.067458 starting coverage gathering for util "pr". State: (0, 27, 4, 58)
2024-01-23T14:21:08.069523 starting coverage gathering for util "tty". State: (0, 26, 5, 58)
2024-01-23T14:21:08.071685 starting coverage gathering for util "stat". State: (0, 25, 6, 58)
2024-01-23T14:21:08.073671 starting coverage gathering for util "pinky". State: (0, 24, 7, 58)
2024-01-23T14:21:08.076133 starting coverage gathering for util "readlink". State: (0, 23, 8, 58)
2024-01-23T14:21:08.077224 starting coverage gathering for util "paste". State: (0, 22, 9, 58)
2024-01-23T14:21:08.077431 starting coverage gathering for util "unexpand". State: (0, 21, 10, 58)
2024-01-23T14:21:08.079630 starting coverage gathering for util "rm". State: (0, 20, 11, 58)
2024-01-23T14:21:08.079780 starting coverage gathering for util "tail". State: (0, 19, 12, 58)
2024-01-23T14:21:08.081741 starting coverage gathering for util "stty". State: (0, 18, 13, 58)
2024-01-23T14:21:08.082500 starting coverage gathering for util "uname". State: (0, 17, 14, 58)
2024-01-23T14:21:08.082630 starting coverage gathering for util "tr". State: (0, 16, 15, 58)
2024-01-23T14:21:08.084479 starting coverage gathering for util "rmdir". State: (0, 15, 16, 58)
2024-01-23T14:21:08.432771 starting coverage gathering for util "touch". State: (0, 14, 17, 58)
2024-01-23T14:21:12.216050 starting coverage gathering for util "sort". State: (0, 13, 18, 58)
2024-01-23T14:21:13.254444 starting coverage gathering for util "who". State: (0, 12, 19, 58)
2024-01-23T14:21:13.853650 starting coverage gathering for util "unlink". State: (0, 11, 20, 58)
2024-01-23T14:21:13.854942 starting coverage gathering for util "tsort". State: (0, 10, 21, 58)
2024-01-23T14:21:15.068538 starting coverage gathering for util "whoami". State: (0, 9, 22, 58)
2024-01-23T14:21:15.070043 starting coverage gathering for util "sum". State: (0, 8, 23, 58)
2024-01-23T14:21:15.622444 starting coverage gathering for util "seq". State: (0, 7, 24, 58)
2024-01-23T14:21:18.174916 starting coverage gathering for util "pathchk". State: (0, 6, 25, 58)
2024-01-23T14:21:23.185403 starting coverage gathering for util "tac". State: (0, 5, 26, 58)
2024-01-23T14:21:24.859915 starting coverage gathering for util "uniq". State: (0, 4, 27, 58)
2024-01-23T14:21:24.986128 starting coverage gathering for util "sleep". State: (0, 3, 28, 58)
2024-01-23T14:21:25.208322 starting coverage gathering for util "sync". State: (0, 2, 29, 58)
2024-01-23T14:21:25.880736 starting coverage gathering for util "ptx". State: (0, 1, 30, 58)
2024-01-23T14:21:28.489596 starting coverage gathering for util "yes". State: (0, 0, 31, 58)
2024-01-23T14:21:42.473968 done with util "shred". State: (0, 0, 30, 59)
2024-01-23T14:21:44.940232 done with util "printf". State: (0, 0, 29, 60)
2024-01-23T14:21:46.862523 done with util "unexpand". State: (0, 0, 28, 61)
2024-01-23T14:21:47.076529 done with util "pinky". State: (0, 0, 27, 62)
2024-01-23T14:21:47.993559 done with util "tty". State: (0, 0, 26, 63)
2024-01-23T14:21:47.995219 done with util "stat". State: (0, 0, 25, 64)
2024-01-23T14:22:02.470951 done with util "paste". State: (0, 0, 24, 65)
2024-01-23T14:22:04.812207 done with util "readlink". State: (0, 0, 23, 66)
2024-01-23T14:22:10.215680 done with util "uname". State: (0, 0, 22, 67)
2024-01-23T14:22:16.953423 done with util "rmdir". State: (0, 0, 21, 68)
2024-01-23T14:22:16.954616 done with util "tail". State: (0, 0, 20, 69)
2024-01-23T14:22:17.179862 done with util "tee". State: (0, 0, 19, 70)
2024-01-23T14:22:17.217830 done with util "pr". State: (0, 0, 18, 71)
2024-01-23T14:22:17.431435 done with util "rm". State: (0, 0, 17, 72)
2024-01-23T14:22:17.781392 done with util "stty". State: (0, 0, 16, 73)
2024-01-23T14:22:18.859092 done with util "tr". State: (0, 0, 15, 74)
2024-01-23T14:22:18.863517 done with util "touch". State: (0, 0, 14, 75)
2024-01-23T14:22:20.236254 done with util "who". State: (0, 0, 13, 76)
2024-01-23T14:22:22.216221 done with util "unlink". State: (0, 0, 12, 77)
2024-01-23T14:22:22.253028 done with util "sort". State: (0, 0, 11, 78)
2024-01-23T14:22:35.035223 done with util "tsort". State: (0, 0, 10, 79)
2024-01-23T14:22:45.926948 done with util "uniq". State: (0, 0, 9, 80)
2024-01-23T14:22:46.292976 done with util "seq". State: (0, 0, 8, 81)
2024-01-23T14:22:47.644363 done with util "pathchk". State: (0, 0, 7, 82)
2024-01-23T14:22:47.645050 done with util "tac". State: (0, 0, 6, 83)
2024-01-23T14:22:47.656310 done with util "sum". State: (0, 0, 5, 84)
2024-01-23T14:22:48.284199 done with util "whoami". State: (0, 0, 4, 85)
2024-01-23T14:22:49.073400 done with util "sleep". State: (0, 0, 3, 86)
2024-01-23T14:22:49.220642 done with util "sync". State: (0, 0, 2, 87)
2024-01-23T14:22:49.293544 done with util "yes". State: (0, 0, 1, 88)
2024-01-23T14:22:49.294173 done with util "ptx". State: (0, 0, 0, 89)
2024-01-23T14:22:49.295152 All tasks completed.
[?2004h[01;32mubuntu@vt-huberval-2[00m:[01;34m~/klee-coreutils-experiments[00m$ ^C[?2004l[?2004h[?2004l
[?2004h[01;32mubuntu@vt-huberval-2[00m:[01;34m~/klee-coreutils-experiments[00m$ [?2004l
exit
