[?2004h[01;32mubuntu@vt-huberval-2[00m:[01;34m~/klee-coreutils-experiments[00m$ pyhon[K[K[Kthon3 run-suite.py --max-th reads 50 --env KLEE_MAX_TIME_MIN 360 out/coreutils-6.10-6h/[K-2
[?2004l2024-01-10T08:47:08.857866 Analyzing with the following args: Namespace(output_dir='out/coreutils-6.10-6h-2', max_threads=50, image_name='klee-coreutils', util=None, env=[['KLEE_MAX_TIME_MIN', '360']], force=False)
2024-01-10T08:47:08.857956 Building docker image
2024-01-10T08:47:13.061727 starting run for util "base64". State: (88, 0, 0)
2024-01-10T08:47:13.063629 starting run for util "basename". State: (88, 0, 0)
2024-01-10T08:47:13.065742 starting run for util "cat". State: (88, 0, 0)
2024-01-10T08:47:13.066950 starting run for util "chcon". State: (88, 0, 0)
2024-01-10T08:47:13.068482 starting run for util "chgrp". State: (88, 0, 0)
2024-01-10T08:47:13.070928 starting run for util "chmod". State: (88, 0, 0)
2024-01-10T08:47:13.073291 starting run for util "chown". State: (88, 0, 0)
2024-01-10T08:47:13.076918 starting run for util "chroot". State: (88, 0, 0)
2024-01-10T08:47:13.078669 starting run for util "comm". State: (88, 0, 0)
2024-01-10T08:47:13.079888 starting run for util "cksum". State: (88, 0, 0)
2024-01-10T08:47:13.082576 starting run for util "cp". State: (88, 0, 0)
2024-01-10T08:47:13.085742 starting run for util "cut". State: (88, 0, 0)
2024-01-10T08:47:13.086901 starting run for util "csplit". State: (88, 0, 0)
2024-01-10T08:47:13.088545 starting run for util "date". State: (88, 0, 0)
2024-01-10T08:47:13.090069 starting run for util "dd". State: (88, 0, 0)
2024-01-10T08:47:13.092506 starting run for util "df". State: (88, 0, 0)
2024-01-10T08:47:13.097308 starting run for util "du". State: (88, 0, 0)
2024-01-10T08:47:13.097826 starting run for util "dirname". State: (88, 0, 0)
2024-01-10T08:47:13.098054 starting run for util "dircolors". State: (88, 0, 0)
2024-01-10T08:47:13.105302 starting run for util "env". State: (88, 0, 0)
2024-01-10T08:47:13.107033 starting run for util "echo". State: (88, 0, 0)
2024-01-10T08:47:13.118182 starting run for util "expr". State: (88, 0, 0)
2024-01-10T08:47:13.119889 starting run for util "expand". State: (88, 0, 0)
2024-01-10T08:47:13.122417 starting run for util "factor". State: (88, 0, 0)
2024-01-10T08:47:13.128612 starting run for util "false". State: (88, 0, 0)
2024-01-10T08:47:13.131181 starting run for util "head". State: (88, 0, 0)
2024-01-10T08:47:13.133249 starting run for util "fmt". State: (88, 0, 0)
2024-01-10T08:47:13.134438 starting run for util "fold". State: (88, 0, 0)
2024-01-10T08:47:13.135652 starting run for util "hostid". State: (88, 0, 0)
2024-01-10T08:47:13.139746 starting run for util "hostname". State: (88, 0, 0)
2024-01-10T08:47:13.143190 starting run for util "id". State: (88, 0, 0)
2024-01-10T08:47:13.146526 starting run for util "ginstall". State: (88, 0, 0)
2024-01-10T08:47:13.148582 starting run for util "join". State: (88, 0, 0)
2024-01-10T08:47:13.150743 starting run for util "kill". State: (88, 0, 0)
2024-01-10T08:47:13.155747 starting run for util "link". State: (88, 0, 0)
2024-01-10T08:47:13.158407 starting run for util "ln". State: (88, 0, 0)
2024-01-10T08:47:13.160694 starting run for util "logname". State: (88, 0, 0)
2024-01-10T08:47:13.162818 starting run for util "ls". State: (88, 0, 0)
2024-01-10T08:47:13.165023 starting run for util "md5sum". State: (88, 0, 0)
2024-01-10T08:47:13.168174 starting run for util "mkdir". State: (88, 0, 0)
2024-01-10T08:47:13.171254 starting run for util "mkfifo". State: (88, 0, 0)
2024-01-10T08:47:13.174179 starting run for util "mknod". State: (88, 0, 0)
2024-01-10T08:47:13.179549 starting run for util "nice". State: (88, 0, 0)
2024-01-10T08:47:13.184311 starting run for util "mktemp". State: (88, 0, 0)
2024-01-10T08:47:13.186309 starting run for util "mv". State: (88, 0, 0)
2024-01-10T08:47:13.189057 starting run for util "nohup". State: (88, 0, 0)
2024-01-10T08:47:13.192342 starting run for util "nl". State: (88, 0, 0)
2024-01-10T08:47:13.196245 starting run for util "od". State: (88, 0, 0)
2024-01-10T08:47:13.198564 starting run for util "paste". State: (88, 0, 0)
2024-01-10T08:47:13.200211 starting run for util "pathchk". State: (88, 0, 0)
2024-01-10T08:47:27.105112 starting coverage gathering for util "false". State: (87, 1, 0)
2024-01-10T08:47:53.074652 done with util "false". State: (87, 0, 1)
2024-01-10T08:47:53.075058 starting run for util "pinky". State: (87, 0, 1)
2024-01-10T08:48:23.434767 starting coverage gathering for util "chroot". State: (86, 1, 1)
2024-01-10T08:48:42.476412 done with util "chroot". State: (86, 0, 2)
2024-01-10T08:48:42.476797 starting run for util "pr". State: (86, 0, 2)
2024-01-10T08:49:08.685751 starting coverage gathering for util "dirname". State: (85, 1, 2)
2024-01-10T08:49:19.354899 done with util "dirname". State: (85, 0, 3)
2024-01-10T08:49:19.355354 starting run for util "printenv". State: (85, 0, 3)
2024-01-10T08:51:13.913138 starting coverage gathering for util "cksum". State: (84, 1, 3)
2024-01-10T08:51:23.133941 done with util "cksum". State: (84, 0, 4)
2024-01-10T08:51:23.134353 starting run for util "printf". State: (84, 0, 4)
2024-01-10T08:52:02.796601 starting coverage gathering for util "printenv". State: (83, 1, 4)
2024-01-10T08:52:18.056044 done with util "printenv". State: (83, 0, 5)
2024-01-10T08:52:18.056518 starting run for util "ptx". State: (83, 0, 5)
2024-01-10T08:56:17.145009 starting coverage gathering for util "basename". State: (82, 1, 5)
2024-01-10T08:56:25.423408 done with util "basename". State: (82, 0, 6)
2024-01-10T08:56:25.423760 starting run for util "pwd". State: (82, 0, 6)
2024-01-10T08:56:45.709437 starting coverage gathering for util "pwd". State: (81, 1, 6)
2024-01-10T08:56:54.329485 done with util "pwd". State: (81, 0, 7)
2024-01-10T08:56:54.329867 starting run for util "readlink". State: (81, 0, 7)
2024-01-10T11:51:00.407763 starting coverage gathering for util "hostname". State: (80, 1, 7)
2024-01-10T11:51:06.692083 done with util "hostname". State: (80, 0, 8)
2024-01-10T11:51:06.692480 starting run for util "rm". State: (80, 0, 8)
2024-01-10T11:51:49.127865 starting coverage gathering for util "nohup". State: (79, 1, 8)
2024-01-10T11:51:57.966261 done with util "nohup". State: (79, 0, 9)
2024-01-10T11:51:57.966616 starting run for util "rmdir". State: (79, 0, 9)
2024-01-10T12:11:36.151896 starting coverage gathering for util "hostid". State: (78, 1, 9)
2024-01-10T12:11:43.144946 done with util "hostid". State: (78, 0, 10)
2024-01-10T12:11:43.145429 starting run for util "runcon". State: (78, 0, 10)
2024-01-10T12:12:28.522176 starting coverage gathering for util "runcon". State: (77, 1, 10)
2024-01-10T12:12:35.811933 done with util "runcon". State: (77, 0, 11)
2024-01-10T12:12:35.812388 starting run for util "seq". State: (77, 0, 11)
2024-01-10T12:25:40.574133 starting coverage gathering for util "logname". State: (76, 1, 11)
2024-01-10T12:25:49.118339 done with util "logname". State: (76, 0, 12)
2024-01-10T12:25:49.118736 starting run for util "setuidgid". State: (76, 0, 12)
2024-01-10T12:52:21.971407 starting coverage gathering for util "mknod". State: (75, 1, 12)
2024-01-10T12:52:26.890805 done with util "mknod". State: (75, 0, 13)
2024-01-10T12:52:26.891245 starting run for util "shred". State: (75, 0, 13)
2024-01-10T13:31:40.004940 starting coverage gathering for util "ginstall". State: (74, 1, 13)
2024-01-10T13:31:55.375891 done with util "ginstall". State: (74, 0, 14)
2024-01-10T13:31:55.376376 starting run for util "shuf". State: (74, 0, 14)
2024-01-10T13:49:06.620719 starting coverage gathering for util "csplit". State: (73, 1, 14)
2024-01-10T13:49:11.112651 done with util "csplit". State: (73, 0, 15)
2024-01-10T13:49:11.113130 starting run for util "sleep". State: (73, 0, 15)
2024-01-10T13:53:05.576034 starting coverage gathering for util "ls". State: (72, 1, 15)
2024-01-10T13:53:10.288413 done with util "ls". State: (72, 0, 16)
2024-01-10T13:53:10.288875 starting run for util "sort". State: (72, 0, 16)
2024-01-10T14:02:15.065194 starting coverage gathering for util "nice". State: (71, 1, 16)
2024-01-10T14:02:22.250025 done with util "nice". State: (71, 0, 17)
2024-01-10T14:02:22.250448 starting run for util "split". State: (71, 0, 17)
2024-01-10T14:03:42.643458 starting coverage gathering for util "env". State: (70, 1, 17)
2024-01-10T14:03:48.030752 done with util "env". State: (70, 0, 18)
2024-01-10T14:03:48.031195 starting run for util "stat". State: (70, 0, 18)
2024-01-10T14:47:28.124706 starting coverage gathering for util "mv". State: (69, 1, 18)
2024-01-10T14:47:28.257148 starting coverage gathering for util "mkfifo". State: (68, 2, 18)
2024-01-10T14:47:29.042052 starting coverage gathering for util "cut". State: (67, 3, 18)
2024-01-10T14:47:30.024052 starting coverage gathering for util "expr". State: (66, 4, 18)
2024-01-10T14:47:51.503734 starting coverage gathering for util "comm". State: (65, 5, 18)
2024-01-10T14:47:51.643281 starting coverage gathering for util "mktemp". State: (64, 6, 18)
2024-01-10T14:47:53.170593 starting coverage gathering for util "dircolors". State: (63, 7, 18)
2024-01-10T14:47:58.184841 done with util "mv". State: (63, 6, 19)
2024-01-10T14:47:58.185403 starting run for util "stty". State: (63, 6, 19)
2024-01-10T14:47:58.928952 starting coverage gathering for util "cp". State: (62, 7, 19)
2024-01-10T14:47:59.081306 done with util "mkfifo". State: (62, 6, 20)
2024-01-10T14:47:59.081838 starting run for util "sum". State: (62, 6, 20)
2024-01-10T14:47:59.198561 starting coverage gathering for util "pathchk". State: (61, 7, 20)
2024-01-10T14:47:59.295853 starting coverage gathering for util "base64". State: (60, 8, 20)
2024-01-10T14:47:59.382725 starting coverage gathering for util "factor". State: (59, 9, 20)
2024-01-10T14:47:59.639923 starting coverage gathering for util "expand". State: (58, 10, 20)
2024-01-10T14:47:59.707880 starting coverage gathering for util "nl". State: (57, 11, 20)
2024-01-10T14:48:00.011601 starting coverage gathering for util "head". State: (56, 12, 20)
2024-01-10T14:48:00.276221 starting coverage gathering for util "fmt". State: (55, 13, 20)
2024-01-10T14:48:00.404014 starting coverage gathering for util "dd". State: (54, 14, 20)
2024-01-10T14:48:00.527716 starting coverage gathering for util "echo". State: (53, 15, 20)
2024-01-10T14:48:00.661484 starting coverage gathering for util "id". State: (52, 16, 20)
2024-01-10T14:48:01.247798 starting coverage gathering for util "paste". State: (51, 17, 20)
2024-01-10T14:48:01.415698 starting coverage gathering for util "chmod". State: (50, 18, 20)
2024-01-10T14:48:01.567942 starting coverage gathering for util "df". State: (49, 19, 20)
2024-01-10T14:48:01.700420 done with util "cut". State: (49, 18, 21)
2024-01-10T14:48:01.700888 starting run for util "sync". State: (49, 18, 21)
2024-01-10T14:48:01.873282 starting coverage gathering for util "fold". State: (48, 19, 21)
2024-01-10T14:48:02.059700 starting coverage gathering for util "mkdir". State: (47, 20, 21)
2024-01-10T14:48:02.215830 starting coverage gathering for util "od". State: (46, 21, 21)
2024-01-10T14:48:02.387895 starting coverage gathering for util "chcon". State: (45, 22, 21)
2024-01-10T14:48:02.511316 starting coverage gathering for util "link". State: (44, 23, 21)
2024-01-10T14:48:02.653360 starting coverage gathering for util "kill". State: (43, 24, 21)
2024-01-10T14:48:02.820738 starting coverage gathering for util "chown". State: (42, 25, 21)
2024-01-10T14:48:03.117745 starting coverage gathering for util "md5sum". State: (41, 26, 21)
2024-01-10T14:48:03.286179 starting coverage gathering for util "ln". State: (40, 27, 21)
2024-01-10T14:48:04.784282 starting coverage gathering for util "pinky". State: (39, 28, 21)
2024-01-10T14:48:07.479875 starting coverage gathering for util "chgrp". State: (38, 29, 21)
2024-01-10T14:48:07.961876 done with util "expr". State: (38, 28, 22)
2024-01-10T14:48:07.962374 starting run for util "tac". State: (38, 28, 22)
2024-01-10T14:48:08.340562 done with util "comm". State: (38, 27, 23)
2024-01-10T14:48:08.340972 starting run for util "tail". State: (38, 27, 23)
2024-01-10T14:48:09.179180 done with util "mktemp". State: (38, 26, 24)
2024-01-10T14:48:09.179574 starting run for util "tee". State: (38, 26, 24)
2024-01-10T14:48:09.396218 done with util "dircolors". State: (38, 25, 25)
2024-01-10T14:48:09.396738 starting run for util "touch". State: (38, 25, 25)
2024-01-10T14:48:10.951635 done with util "cp". State: (38, 24, 26)
2024-01-10T14:48:10.952155 starting run for util "tr". State: (38, 24, 26)
2024-01-10T14:48:11.152346 done with util "pathchk". State: (38, 23, 27)
2024-01-10T14:48:11.152809 starting run for util "tsort". State: (38, 23, 27)
2024-01-10T14:48:11.290874 done with util "base64". State: (38, 22, 28)
2024-01-10T14:48:11.291451 starting run for util "tty". State: (38, 22, 28)
2024-01-10T14:48:12.168315 done with util "factor". State: (38, 21, 29)
2024-01-10T14:48:12.168821 starting run for util "uname". State: (38, 21, 29)
2024-01-10T14:48:15.167777 done with util "expand". State: (38, 20, 30)
2024-01-10T14:48:15.168177 starting run for util "unexpand". State: (38, 20, 30)
2024-01-10T14:48:15.786359 done with util "head". State: (38, 19, 31)
2024-01-10T14:48:15.787022 starting run for util "uniq". State: (38, 19, 31)
2024-01-10T14:48:15.960007 starting coverage gathering for util "date". State: (37, 20, 31)
2024-01-10T14:48:18.742876 done with util "echo". State: (37, 19, 32)
2024-01-10T14:48:18.743231 starting run for util "unlink". State: (37, 19, 32)
2024-01-10T14:48:19.149671 done with util "nl". State: (37, 18, 33)
2024-01-10T14:48:19.150253 starting run for util "uptime". State: (37, 18, 33)
2024-01-10T14:48:19.697116 done with util "dd". State: (37, 17, 34)
2024-01-10T14:48:19.697487 starting run for util "users". State: (37, 17, 34)
2024-01-10T14:48:19.817796 done with util "id". State: (37, 16, 35)
2024-01-10T14:48:19.818397 starting run for util "wc". State: (37, 16, 35)
2024-01-10T14:48:19.934835 done with util "fmt". State: (37, 15, 36)
2024-01-10T14:48:19.935294 starting run for util "whoami". State: (37, 15, 36)
2024-01-10T14:48:20.270734 done with util "paste". State: (37, 14, 37)
2024-01-10T14:48:20.271308 starting run for util "who". State: (37, 14, 37)
2024-01-10T14:48:20.304677 done with util "chmod". State: (37, 13, 38)
2024-01-10T14:48:20.305203 starting run for util "yes". State: (37, 13, 38)
2024-01-10T14:48:20.441635 done with util "df". State: (37, 12, 39)
2024-01-10T14:48:23.243947 done with util "mkdir". State: (37, 11, 40)
2024-01-10T14:48:23.799395 done with util "fold". State: (37, 10, 41)
2024-01-10T14:48:24.900451 done with util "od". State: (37, 9, 42)
2024-01-10T14:48:25.628053 starting coverage gathering for util "sync". State: (36, 10, 42)
2024-01-10T14:48:26.945395 done with util "link". State: (36, 9, 43)
2024-01-10T14:48:27.396158 done with util "chcon". State: (36, 8, 44)
2024-01-10T14:48:28.005177 done with util "kill". State: (36, 7, 45)
2024-01-10T14:48:28.436448 done with util "chown". State: (36, 6, 46)
2024-01-10T14:48:29.895276 starting coverage gathering for util "cat". State: (35, 7, 46)
2024-01-10T14:48:29.981477 done with util "md5sum". State: (35, 6, 47)
2024-01-10T14:48:31.716956 done with util "ln". State: (35, 5, 48)
2024-01-10T14:48:35.758207 done with util "chgrp". State: (35, 4, 49)
2024-01-10T14:48:35.782010 done with util "pinky". State: (35, 3, 50)
2024-01-10T14:48:42.568223 done with util "date". State: (35, 2, 51)
2024-01-10T14:48:44.900416 done with util "sync". State: (35, 1, 52)
2024-01-10T14:48:46.265816 done with util "cat". State: (35, 0, 53)
2024-01-10T14:49:18.512526 starting coverage gathering for util "join". State: (34, 1, 53)
2024-01-10T14:49:19.308618 starting coverage gathering for util "du". State: (33, 2, 53)
2024-01-10T14:49:22.559687 done with util "join". State: (33, 1, 54)
2024-01-10T14:49:23.349708 done with util "du". State: (33, 0, 55)
2024-01-10T14:49:41.744265 starting coverage gathering for util "pr". State: (32, 1, 55)
2024-01-10T14:49:46.143173 done with util "pr". State: (32, 0, 56)
2024-01-10T14:49:49.043969 starting coverage gathering for util "users". State: (31, 1, 56)
2024-01-10T14:49:53.344709 done with util "users". State: (31, 0, 57)
2024-01-10T14:50:12.778922 starting coverage gathering for util "uptime". State: (30, 1, 57)
2024-01-10T14:50:21.180955 done with util "uptime". State: (30, 0, 58)
2024-01-10T14:51:41.036989 starting coverage gathering for util "printf". State: (29, 1, 58)
2024-01-10T14:51:45.171117 done with util "printf". State: (29, 0, 59)
2024-01-10T14:53:24.151024 starting coverage gathering for util "ptx". State: (28, 1, 59)
2024-01-10T14:53:35.099320 done with util "ptx". State: (28, 0, 60)
2024-01-10T14:57:05.505165 starting coverage gathering for util "readlink". State: (27, 1, 60)
2024-01-10T14:57:09.963242 done with util "readlink". State: (27, 0, 61)
2024-01-10T15:33:30.530363 starting coverage gathering for util "tee". State: (26, 1, 61)
2024-01-10T15:33:40.660229 done with util "tee". State: (26, 0, 62)
2024-01-10T17:37:32.195460 starting coverage gathering for util "sum". State: (25, 1, 62)
2024-01-10T17:37:38.897981 done with util "sum". State: (25, 0, 63)
2024-01-10T17:50:07.779678 starting coverage gathering for util "unlink". State: (24, 1, 63)
2024-01-10T17:50:21.519775 done with util "unlink". State: (24, 0, 64)
2024-01-10T17:51:26.783290 starting coverage gathering for util "rm". State: (23, 1, 64)
2024-01-10T17:51:32.622489 done with util "rm". State: (23, 0, 65)
2024-01-10T17:52:13.288845 starting coverage gathering for util "rmdir". State: (22, 1, 65)
2024-01-10T17:52:19.519139 done with util "rmdir". State: (22, 0, 66)
2024-01-10T17:52:53.203879 starting coverage gathering for util "setuidgid". State: (21, 1, 66)
2024-01-10T17:52:59.373731 done with util "setuidgid". State: (21, 0, 67)
2024-01-10T18:05:25.675003 starting coverage gathering for util "whoami". State: (20, 1, 67)
2024-01-10T18:05:32.201121 done with util "whoami". State: (20, 0, 68)
2024-01-10T18:13:35.160344 starting coverage gathering for util "seq". State: (19, 1, 68)
2024-01-10T18:13:44.861038 done with util "seq". State: (19, 0, 69)
2024-01-10T18:52:44.512050 starting coverage gathering for util "shred". State: (18, 1, 69)
2024-01-10T18:52:48.998550 done with util "shred". State: (18, 0, 70)
2024-01-10T18:56:46.669473 starting coverage gathering for util "uname". State: (17, 1, 70)
2024-01-10T18:56:51.517368 done with util "uname". State: (17, 0, 71)
2024-01-10T19:32:32.898483 starting coverage gathering for util "shuf". State: (16, 1, 71)
2024-01-10T19:32:43.049402 done with util "shuf". State: (16, 0, 72)
2024-01-10T19:50:06.928910 starting coverage gathering for util "sleep". State: (15, 1, 72)
2024-01-10T19:50:11.459415 done with util "sleep". State: (15, 0, 73)
2024-01-10T20:02:34.765432 starting coverage gathering for util "split". State: (14, 1, 73)
2024-01-10T20:02:40.414180 done with util "split". State: (14, 0, 74)
2024-01-10T20:04:24.158201 starting coverage gathering for util "stty". State: (13, 1, 74)
2024-01-10T20:04:31.729052 done with util "stty". State: (13, 0, 75)
2024-01-10T20:05:27.990259 starting coverage gathering for util "stat". State: (12, 1, 75)
2024-01-10T20:05:33.187069 done with util "stat". State: (12, 0, 76)
2024-01-10T20:53:48.554494 starting coverage gathering for util "touch". State: (11, 1, 76)
2024-01-10T20:53:48.560153 starting coverage gathering for util "tsort". State: (10, 2, 76)
2024-01-10T20:53:48.561273 starting coverage gathering for util "unexpand". State: (9, 3, 76)
2024-01-10T20:53:48.562516 starting coverage gathering for util "tty". State: (8, 4, 76)
2024-01-10T20:53:48.565843 starting coverage gathering for util "uniq". State: (7, 5, 76)
2024-01-10T20:53:48.566816 starting coverage gathering for util "who". State: (6, 6, 76)
2024-01-10T20:53:48.568060 starting coverage gathering for util "tr". State: (5, 7, 76)
2024-01-10T20:53:48.568266 starting coverage gathering for util "wc". State: (4, 8, 76)
2024-01-10T20:53:48.886449 starting coverage gathering for util "tac". State: (3, 9, 76)
2024-01-10T20:53:50.207624 starting coverage gathering for util "tail". State: (2, 10, 76)
2024-01-10T20:53:52.392563 starting coverage gathering for util "yes". State: (1, 11, 76)
2024-01-10T20:53:57.962153 done with util "touch". State: (1, 10, 77)
2024-01-10T20:54:00.456638 done with util "tty". State: (1, 9, 78)
2024-01-10T20:54:03.717412 done with util "uniq". State: (1, 8, 79)
2024-01-10T20:54:05.491388 done with util "tr". State: (1, 7, 80)
2024-01-10T20:54:06.616261 done with util "tsort". State: (1, 6, 81)
2024-01-10T20:54:06.622001 done with util "who". State: (1, 5, 82)
2024-01-10T20:54:07.070635 done with util "wc". State: (1, 4, 83)
2024-01-10T20:54:07.603047 done with util "yes". State: (1, 3, 84)
2024-01-10T20:54:07.631698 done with util "tac". State: (1, 2, 85)
2024-01-10T20:54:07.843549 done with util "unexpand". State: (1, 1, 86)
2024-01-10T20:54:08.369414 done with util "tail". State: (1, 0, 87)
2024-01-10T21:41:46.523872 starting coverage gathering for util "sort". State: (0, 1, 87)
2024-01-10T21:41:51.841425 done with util "sort". State: (0, 0, 88)
2024-01-10T21:41:51.842427 All tasks completed.
[?2004h[01;32mubuntu@vt-huberval-2[00m:[01;34m~/klee-coreutils-experiments[00m$ 