#0 building with "default" instance using docker driver

#1 [internal] load .dockerignore
#1 transferring context: 2B done
#1 DONE 0.2s

#2 [internal] load build definition from Dockerfile
#2 transferring dockerfile: 849B done
#2 DONE 0.3s

#3 [1/8] FROM docker.io/klee/klee
#3 CACHED

#4 [internal] load metadata for docker.io/klee/klee:latest
#4 DONE 0.0s

#5 [internal] load build context
#5 transferring context: 776B done
#5 DONE 0.1s

#6 [2/5] RUN wget "http://www.doc.ic.ac.uk/~cristic/klee/testing-env.sh"     && env -i /bin/bash -c '(source testing-env.sh; env >test.env)'     && wget "http://www.doc.ic.ac.uk/~cristic/klee/sandbox.tgz"     && tar xzfv sandbox.tgz     && mv sandbox.tgz /tmp     && mv sandbox /tmp
#6 0.357 --2023-12-21 15:11:31--  http://www.doc.ic.ac.uk/~cristic/klee/testing-env.sh
#6 0.357 Resolving www.doc.ic.ac.uk (www.doc.ic.ac.uk)... 146.169.13.6
#6 0.367 Connecting to www.doc.ic.ac.uk (www.doc.ic.ac.uk)|146.169.13.6|:80... connected.
#6 0.393 HTTP request sent, awaiting response... 200 OK
#6 0.420 Length: 1227 (1.2K) [text/x-sh]
#6 0.421 Saving to: 'testing-env.sh'
#6 0.421 
#6 0.421      0K .                                                     100%  116M=0s
#6 0.421 
#6 0.421 2023-12-21 15:11:32 (116 MB/s) - 'testing-env.sh' saved [1227/1227]
#6 0.421 
#6 0.430 --2023-12-21 15:11:32--  http://www.doc.ic.ac.uk/~cristic/klee/sandbox.tgz
#6 0.430 Resolving www.doc.ic.ac.uk (www.doc.ic.ac.uk)... 146.169.13.6
#6 0.435 Connecting to www.doc.ic.ac.uk (www.doc.ic.ac.uk)|146.169.13.6|:80... connected.
#6 0.459 HTTP request sent, awaiting response... 200 OK
#6 0.485 Length: 270 [application/x-gzip]
#6 0.485 Saving to: 'sandbox.tgz'
#6 0.485 
#6 0.485      0K                                                       100% 24.1M=0s
#6 0.485 
#6 0.485 2023-12-21 15:11:32 (24.1 MB/s) - 'sandbox.tgz' saved [270/270]
#6 0.485 
#6 0.490 sandbox/
#6 0.491 sandbox/e/
#6 0.491 sandbox/b
#6 0.491 sandbox/c
#6 0.491 sandbox/d
#6 0.491 sandbox/a
#6 DONE 0.7s

#7 [3/5] RUN wget "http://ftp.gnu.org/gnu/coreutils/coreutils-6.10.tar.gz"     && tar -xf "coreutils-6.10.tar.gz"
#7 0.397 --2023-12-21 15:11:32--  http://ftp.gnu.org/gnu/coreutils/coreutils-6.10.tar.gz
#7 0.397 Resolving ftp.gnu.org (ftp.gnu.org)... 209.51.188.20, 2001:470:142:3::b
#7 0.403 Connecting to ftp.gnu.org (ftp.gnu.org)|209.51.188.20|:80... connected.
#7 0.526 HTTP request sent, awaiting response... 200 OK
#7 0.647 Length: 9193125 (8.8M) [application/x-gzip]
#7 0.648 Saving to: 'coreutils-6.10.tar.gz'
#7 0.648 
#7 0.648      0K .......... .......... .......... .......... ..........  0%  210K 42s
#7 0.885     50K .......... .......... .......... .......... ..........  1%  421K 32s
#7 1.004    100K .......... .......... .......... .......... ..........  1% 34.8M 21s
#7 1.005    150K .......... .......... .......... .......... ..........  2%  426K 21s
#7 1.123    200K .......... .......... .......... .......... ..........  2% 37.1M 17s
#7 1.124    250K .......... .......... .......... .......... ..........  3%  426K 17s
#7 1.242    300K .......... .......... .......... .......... ..........  3% 51.4M 15s
#7 1.243    350K .......... .......... .......... .......... ..........  4%  125M 13s
#7 1.243    400K .......... .......... .......... .......... ..........  5% 76.9M 11s
#7 1.244    450K .......... .......... .......... .......... ..........  5%  121M 10s
#7 1.244    500K .......... .......... .......... .......... ..........  6% 60.7M 9s
#7 1.245    550K .......... .......... .......... .......... ..........  6%  430K 10s
#7 1.361    600K .......... .......... .......... .......... ..........  7% 94.5M 9s
#7 1.362    650K .......... .......... .......... .......... ..........  7% 69.3M 8s
#7 1.362    700K .......... .......... .......... .......... ..........  8% 62.9M 8s
#7 1.363    750K .......... .......... .......... .......... ..........  8% 47.4M 7s
#7 1.364    800K .......... .......... .......... .......... ..........  9%  155M 7s
#7 1.367    850K .......... .......... .......... .......... .......... 10%  187M 6s
#7 1.367    900K .......... .......... .......... .......... .......... 10% 17.7M 6s
#7 1.367    950K .......... .......... .......... .......... .......... 11%  151M 6s
#7 1.368   1000K .......... .......... .......... .......... .......... 11% 58.3M 5s
#7 1.369   1050K .......... .......... .......... .......... .......... 12% 65.3M 5s
#7 1.369   1100K .......... .......... .......... .......... .......... 12% 85.5M 5s
#7 1.370   1150K .......... .......... .......... .......... .......... 13%  455K 5s
#7 1.480   1200K .......... .......... .......... .......... .......... 13% 70.8M 5s
#7 1.481   1250K .......... .......... .......... .......... .......... 14%  119M 5s
#7 1.481   1300K .......... .......... .......... .......... .......... 15% 69.4M 5s
#7 1.482   1350K .......... .......... .......... .......... .......... 15% 69.9M 5s
#7 1.482   1400K .......... .......... .......... .......... .......... 16% 76.7M 4s
#7 1.483   1450K .......... .......... .......... .......... .......... 16% 61.6M 4s
#7 1.484   1500K .......... .......... .......... .......... .......... 17% 54.2M 4s
#7 1.485   1550K .......... .......... .......... .......... .......... 17%  126M 4s
#7 1.485   1600K .......... .......... .......... .......... .......... 18% 71.7M 4s
#7 1.486   1650K .......... .......... .......... .......... .......... 18% 48.3M 4s
#7 1.487   1700K .......... .......... .......... .......... .......... 19%  118M 3s
#7 1.487   1750K .......... .......... .......... .......... .......... 20% 50.1M 3s
#7 1.488   1800K .......... .......... .......... .......... .......... 20% 89.7M 3s
#7 1.489   1850K .......... .......... .......... .......... .......... 21% 69.2M 3s
#7 1.489   1900K .......... .......... .......... .......... .......... 21% 53.5M 3s
#7 1.491   1950K .......... .......... .......... .......... .......... 22% 62.6M 3s
#7 1.491   2000K .......... .......... .......... .......... .......... 22%  464K 3s
#7 1.599   2050K .......... .......... .......... .......... .......... 23% 86.4M 3s
#7 1.599   2100K .......... .......... .......... .......... .......... 23% 56.4M 3s
#7 1.600   2150K .......... .......... .......... .......... .......... 24% 66.2M 3s
#7 1.601   2200K .......... .......... .......... .......... .......... 25% 58.9M 3s
#7 1.602   2250K .......... .......... .......... .......... .......... 25% 89.2M 3s
#7 1.603   2300K .......... .......... .......... .......... .......... 26% 34.6M 3s
#7 1.604   2350K .......... .......... .......... .......... .......... 26% 38.7M 3s
#7 1.605   2400K .......... .......... .......... .......... .......... 27% 36.9M 3s
#7 1.606   2450K .......... .......... .......... .......... .......... 27% 70.1M 2s
#7 1.607   2500K .......... .......... .......... .......... .......... 28% 42.6M 2s
#7 1.608   2550K .......... .......... .......... .......... .......... 28% 49.4M 2s
#7 1.609   2600K .......... .......... .......... .......... .......... 29% 48.8M 2s
#7 1.610   2650K .......... .......... .......... .......... .......... 30% 34.2M 2s
#7 1.612   2700K .......... .......... .......... .......... .......... 30% 46.3M 2s
#7 1.613   2750K .......... .......... .......... .......... .......... 31% 59.1M 2s
#7 1.613   2800K .......... .......... .......... .......... .......... 31%  110M 2s
#7 1.614   2850K .......... .......... .......... .......... .......... 32%  169M 2s
#7 1.614   2900K .......... .......... .......... .......... .......... 32%  484K 2s
#7 1.717   2950K .......... .......... .......... .......... .......... 33% 23.6M 2s
#7 1.720   3000K .......... .......... .......... .......... .......... 33% 20.6M 2s
#7 1.723   3050K .......... .......... .......... .......... .......... 34% 15.7M 2s
#7 1.725   3100K .......... .......... .......... .......... .......... 35% 16.0M 2s
#7 1.728   3150K .......... .......... .......... .......... .......... 35% 22.9M 2s
#7 1.731   3200K .......... .......... .......... .......... .......... 36% 18.0M 2s
#7 1.734   3250K .......... .......... .......... .......... .......... 36% 19.0M 2s
#7 1.736   3300K .......... .......... .......... .......... .......... 37% 59.2M 2s
#7 1.736   3350K .......... .......... .......... .......... .......... 37% 64.5M 2s
#7 1.737   3400K .......... .......... .......... .......... .......... 38% 42.3M 2s
#7 1.739   3450K .......... .......... .......... .......... .......... 38% 24.1M 2s
#7 1.740   3500K .......... .......... .......... .......... .......... 39% 52.0M 2s
#7 1.742   3550K .......... .......... .......... .......... .......... 40% 21.5M 2s
#7 1.744   3600K .......... .......... .......... .......... .......... 40% 24.0M 2s
#7 1.745   3650K .......... .......... .......... .......... .......... 41% 54.6M 2s
#7 1.747   3700K .......... .......... .......... .......... .......... 41% 22.2M 2s
#7 1.749   3750K .......... .......... .......... .......... .......... 42% 26.4M 2s
#7 1.750   3800K .......... .......... .......... .......... .......... 42% 34.6M 1s
#7 1.752   3850K .......... .......... .......... .......... .......... 43%  580K 2s
#7 1.838   3900K .......... .......... .......... .......... .......... 43% 20.6M 2s
#7 1.841   3950K .......... .......... .......... .......... .......... 44% 18.0M 1s
#7 1.843   4000K .......... .......... .......... .......... .......... 45% 16.8M 1s
#7 1.846   4050K .......... .......... .......... .......... .......... 45% 24.9M 1s
#7 1.848   4100K .......... .......... .......... .......... .......... 46% 55.0M 1s
#7 1.849   4150K .......... .......... .......... .......... .......... 46% 40.4M 1s
#7 1.851   4200K .......... .......... .......... .......... .......... 47% 25.5M 1s
#7 1.852   4250K .......... .......... .......... .......... .......... 47% 80.4M 1s
#7 1.853   4300K .......... .......... .......... .......... .......... 48% 30.7M 1s
#7 1.854   4350K .......... .......... .......... .......... .......... 49% 70.6M 1s
#7 1.855   4400K .......... .......... .......... .......... .......... 49% 64.6M 1s
#7 1.856   4450K .......... .......... .......... .......... .......... 50% 36.9M 1s
#7 1.857   4500K .......... .......... .......... .......... .......... 50% 42.8M 1s
#7 1.858   4550K .......... .......... .......... .......... .......... 51%  161M 1s
#7 1.858   4600K .......... .......... .......... .......... .......... 51%  168M 1s
#7 1.859   4650K .......... .......... .......... .......... .......... 52%  156M 1s
#7 1.859   4700K .......... .......... .......... .......... .......... 52%  171M 1s
#7 1.859   4750K .......... .......... .......... .......... .......... 53%  143M 1s
#7 1.860   4800K .......... .......... .......... .......... .......... 54%  164M 1s
#7 1.860   4850K .......... .......... .......... .......... .......... 54%  511K 1s
#7 1.958   4900K .......... .......... .......... .......... .......... 55% 49.5M 1s
#7 1.959   4950K .......... .......... .......... .......... .......... 55% 70.9M 1s
#7 1.959   5000K .......... .......... .......... .......... .......... 56% 53.1M 1s
#7 1.960   5050K .......... .......... .......... .......... .......... 56% 29.8M 1s
#7 1.962   5100K .......... .......... .......... .......... .......... 57% 74.7M 1s
#7 1.963   5150K .......... .......... .......... .......... .......... 57% 54.8M 1s
#7 1.963   5200K .......... .......... .......... .......... .......... 58% 41.4M 1s
#7 1.965   5250K .......... .......... .......... .......... .......... 59% 48.9M 1s
#7 1.966   5300K .......... .......... .......... .......... .......... 59% 66.7M 1s
#7 1.966   5350K .......... .......... .......... .......... .......... 60% 57.1M 1s
#7 1.967   5400K .......... .......... .......... .......... .......... 60% 91.0M 1s
#7 1.968   5450K .......... .......... .......... .......... .......... 61% 63.1M 1s
#7 1.969   5500K .......... .......... .......... .......... .......... 61% 93.5M 1s
#7 1.969   5550K .......... .......... .......... .......... .......... 62% 82.3M 1s
#7 1.970   5600K .......... .......... .......... .......... .......... 62% 64.5M 1s
#7 1.970   5650K .......... .......... .......... .......... .......... 63% 61.3M 1s
#7 1.971   5700K .......... .......... .......... .......... .......... 64% 81.9M 1s
#7 1.972   5750K .......... .......... .......... .......... .......... 64% 74.8M 1s
#7 1.973   5800K .......... .......... .......... .......... .......... 65% 65.2M 1s
#7 1.973   5850K .......... .......... .......... .......... .......... 65%  488K 1s
#7 2.076   5900K .......... .......... .......... .......... .......... 66% 33.6M 1s
#7 2.077   5950K .......... .......... .......... .......... .......... 66% 24.9M 1s
#7 2.079   6000K .......... .......... .......... .......... .......... 67% 25.0M 1s
#7 2.081   6050K .......... .......... .......... .......... .......... 67% 22.7M 1s
#7 2.083   6100K .......... .......... .......... .......... .......... 68%  127M 1s
#7 2.083   6150K .......... .......... .......... .......... .......... 69% 41.8M 1s
#7 2.085   6200K .......... .......... .......... .......... .......... 69% 53.1M 1s
#7 2.086   6250K .......... .......... .......... .......... .......... 70% 55.4M 1s
#7 2.086   6300K .......... .......... .......... .......... .......... 70% 51.6M 1s
#7 2.087   6350K .......... .......... .......... .......... .......... 71% 45.3M 1s
#7 2.089   6400K .......... .......... .......... .......... .......... 71% 46.0M 1s
#7 2.090   6450K .......... .......... .......... .......... .......... 72% 58.2M 1s
#7 2.090   6500K .......... .......... .......... .......... .......... 72% 52.7M 1s
#7 2.091   6550K .......... .......... .......... .......... .......... 73% 45.2M 1s
#7 2.092   6600K .......... .......... .......... .......... .......... 74% 52.7M 1s
#7 2.094   6650K .......... .......... .......... .......... .......... 74%  127M 0s
#7 2.094   6700K .......... .......... .......... .......... .......... 75%  255M 0s
#7 2.094   6750K .......... .......... .......... .......... .......... 75%  226M 0s
#7 2.094   6800K .......... .......... .......... .......... .......... 76% 94.6M 0s
#7 2.095   6850K .......... .......... .......... .......... .......... 76%  101M 0s
#7 2.095   6900K .......... .......... .......... .......... .......... 77% 84.0M 0s
#7 2.096   6950K .......... .......... .......... .......... .......... 77%  507K 0s
#7 2.194   7000K .......... .......... .......... .......... .......... 78% 32.8M 0s
#7 2.196   7050K .......... .......... .......... .......... .......... 79% 32.1M 0s
#7 2.197   7100K .......... .......... .......... .......... .......... 79% 57.1M 0s
#7 2.198   7150K .......... .......... .......... .......... .......... 80% 49.8M 0s
#7 2.199   7200K .......... .......... .......... .......... .......... 80% 36.1M 0s
#7 2.201   7250K .......... .......... .......... .......... .......... 81% 70.2M 0s
#7 2.201   7300K .......... .......... .......... .......... .......... 81% 60.4M 0s
#7 2.202   7350K .......... .......... .......... .......... .......... 82% 53.3M 0s
#7 2.203   7400K .......... .......... .......... .......... .......... 82% 42.0M 0s
#7 2.204   7450K .......... .......... .......... .......... .......... 83% 63.6M 0s
#7 2.205   7500K .......... .......... .......... .......... .......... 84% 49.6M 0s
#7 2.206   7550K .......... .......... .......... .......... .......... 84% 49.5M 0s
#7 2.207   7600K .......... .......... .......... .......... .......... 85% 44.4M 0s
#7 2.208   7650K .......... .......... .......... .......... .......... 85% 58.0M 0s
#7 2.209   7700K .......... .......... .......... .......... .......... 86%  187M 0s
#7 2.209   7750K .......... .......... .......... .......... .......... 86%  163M 0s
#7 2.209   7800K .......... .......... .......... .......... .......... 87% 39.0M 0s
#7 2.211   7850K .......... .......... .......... .......... .......... 87% 54.9M 0s
#7 2.212   7900K .......... .......... .......... .......... .......... 88% 55.9M 0s
#7 2.212   7950K .......... .......... .......... .......... .......... 89% 61.2M 0s
#7 2.213   8000K .......... .......... .......... .......... .......... 89% 38.6M 0s
#7 2.215   8050K .......... .......... .......... .......... .......... 90% 46.8M 0s
#7 2.216   8100K .......... .......... .......... .......... .......... 90%  511K 0s
#7 2.313   8150K .......... .......... .......... .......... .......... 91% 24.1M 0s
#7 2.316   8200K .......... .......... .......... .......... .......... 91% 35.2M 0s
#7 2.317   8250K .......... .......... .......... .......... .......... 92% 22.8M 0s
#7 2.319   8300K .......... .......... .......... .......... .......... 93% 44.9M 0s
#7 2.321   8350K .......... .......... .......... .......... .......... 93% 17.8M 0s
#7 2.323   8400K .......... .......... .......... .......... .......... 94% 31.2M 0s
#7 2.324   8450K .......... .......... .......... .......... .......... 94%  167M 0s
#7 2.325   8500K .......... .......... .......... .......... .......... 95%  224M 0s
#7 2.325   8550K .......... .......... .......... .......... .......... 95%  164M 0s
#7 2.325   8600K .......... .......... .......... .......... .......... 96%  197M 0s
#7 2.325   8650K .......... .......... .......... .......... .......... 96%  115M 0s
#7 2.326   8700K .......... .......... .......... .......... .......... 97%  190M 0s
#7 2.326   8750K .......... .......... .......... .......... .......... 98%  161M 0s
#7 2.326   8800K .......... .......... .......... .......... .......... 98%  157M 0s
#7 2.327   8850K .......... .......... .......... .......... .......... 99% 48.8M 0s
#7 2.328   8900K .......... .......... .......... .......... .......... 99% 77.9M 0s
#7 2.328   8950K .......... .......... .......                         100% 92.5M=1.7s
#7 2.329 
#7 2.329 2023-12-21 15:11:34 (5.22 MB/s) - 'coreutils-6.10.tar.gz' saved [9193125/9193125]
#7 2.329 
#7 DONE 3.1s

#8 [4/5] COPY compile-using-clang.sh ./
#8 DONE 0.4s

#9 [5/5] RUN ./compile-using-clang.sh ls
#9 0.341 ./compile-using-clang.sh: 4: [[: not found
#9 0.341 including ./coreutils-6.10/lib
#9 0.341 including ./coreutils-6.10
#9 0.341 compiling ./coreutils-6.10/src/ls.c
#9 0.365 ./coreutils-6.10/src/ls.c:38:10: fatal error: 'config.h' file not found
#9 0.365 #include <config.h>
#9 0.365          ^~~~~~~~~~
#9 0.445 1 error generated.
#9 ERROR: process "/bin/sh -c ./compile-using-clang.sh ls" did not complete successfully: exit code: 1
------
 > [5/5] RUN ./compile-using-clang.sh ls:
0.341 ./compile-using-clang.sh: 4: [[: not found
0.341 including ./coreutils-6.10/lib
0.341 including ./coreutils-6.10
0.341 compiling ./coreutils-6.10/src/ls.c
0.365 ./coreutils-6.10/src/ls.c:38:10: fatal error: 'config.h' file not found
0.365 #include <config.h>
0.365          ^~~~~~~~~~
0.445 1 error generated.
------
Dockerfile:27
--------------------
  25 |     COPY compile-using-clang.sh ./
  26 |     
  27 | >>> RUN ./compile-using-clang.sh ls
--------------------
ERROR: failed to solve: process "/bin/sh -c ./compile-using-clang.sh ls" did not complete successfully: exit code: 1
